CRITICAL - 2022-09-02 01:07:46 --> Call to undefined method App\Controllers\Project::validation()
in APPPATH/Controllers/Project.php on line 12.
 1 SYSTEMPATH/CodeIgniter.php(904): App\Controllers\Project->employee()
 2 SYSTEMPATH/CodeIgniter.php(457): CodeIgniter\CodeIgniter->runController(Object(App\Controllers\Project))
 3 SYSTEMPATH/CodeIgniter.php(340): CodeIgniter\CodeIgniter->handleRequest(null, Object(Config\Cache), false)
 4 FCPATH/index.php(67): CodeIgniter\CodeIgniter->run()
CRITICAL - 2022-09-02 01:08:15 --> Invalid file: pages/insert.php
in SYSTEMPATH/Exceptions/FrameworkException.php on line 33.
 1 SYSTEMPATH/View/View.php(201): CodeIgniter\Exceptions\FrameworkException::forInvalidFile('pages/insert.php')
 2 SYSTEMPATH/Common.php(1142): CodeIgniter\View\View->render('pages/insert', [], true)
 3 APPPATH/Controllers/Project.php(31): view('pages/insert')
 4 SYSTEMPATH/CodeIgniter.php(904): App\Controllers\Project->employee()
 5 SYSTEMPATH/CodeIgniter.php(457): CodeIgniter\CodeIgniter->runController(Object(App\Controllers\Project))
 6 SYSTEMPATH/CodeIgniter.php(340): CodeIgniter\CodeIgniter->handleRequest(null, Object(Config\Cache), false)
 7 FCPATH/index.php(67): CodeIgniter\CodeIgniter->run()
CRITICAL - 2022-09-02 01:22:18 --> Call to undefined function display_error()
in APPPATH/Views/pages/employeeRegistration.php on line 105.
 1 SYSTEMPATH/View/View.php(213): include()
 2 SYSTEMPATH/View/View.php(216): CodeIgniter\View\View->CodeIgniter\View\{closure}()
 3 SYSTEMPATH/Common.php(1142): CodeIgniter\View\View->render('pages/employeeRegistration.php', [], true)
 4 APPPATH/Controllers/Project.php(35): view('pages/employeeRegistration.php', [...])
 5 SYSTEMPATH/CodeIgniter.php(904): App\Controllers\Project->employee()
 6 SYSTEMPATH/CodeIgniter.php(457): CodeIgniter\CodeIgniter->runController(Object(App\Controllers\Project))
 7 SYSTEMPATH/CodeIgniter.php(340): CodeIgniter\CodeIgniter->handleRequest(null, Object(Config\Cache), false)
 8 FCPATH/index.php(67): CodeIgniter\CodeIgniter->run()
CRITICAL - 2022-09-02 01:22:40 --> Call to undefined function display_error()
in APPPATH/Views/pages/employeeRegistration.php on line 105.
 1 SYSTEMPATH/View/View.php(213): include()
 2 SYSTEMPATH/View/View.php(216): CodeIgniter\View\View->CodeIgniter\View\{closure}()
 3 SYSTEMPATH/Common.php(1142): CodeIgniter\View\View->render('pages/employeeRegistration.php', [], true)
 4 APPPATH/Controllers/Project.php(35): view('pages/employeeRegistration.php', [...])
 5 SYSTEMPATH/CodeIgniter.php(904): App\Controllers\Project->employee()
 6 SYSTEMPATH/CodeIgniter.php(457): CodeIgniter\CodeIgniter->runController(Object(App\Controllers\Project))
 7 SYSTEMPATH/CodeIgniter.php(340): CodeIgniter\CodeIgniter->handleRequest(null, Object(Config\Cache), false)
 8 FCPATH/index.php(67): CodeIgniter\CodeIgniter->run()
CRITICAL - 2022-09-02 01:24:18 --> Call to undefined function display_error()
in APPPATH/Views/pages/employeeRegistration.php on line 105.
 1 SYSTEMPATH/View/View.php(213): include()
 2 SYSTEMPATH/View/View.php(216): CodeIgniter\View\View->CodeIgniter\View\{closure}()
 3 SYSTEMPATH/Common.php(1142): CodeIgniter\View\View->render('pages/employeeRegistration.php', [], true)
 4 APPPATH/Controllers/Project.php(35): view('pages/employeeRegistration.php', [...])
 5 SYSTEMPATH/CodeIgniter.php(904): App\Controllers\Project->employee()
 6 SYSTEMPATH/CodeIgniter.php(457): CodeIgniter\CodeIgniter->runController(Object(App\Controllers\Project))
 7 SYSTEMPATH/CodeIgniter.php(340): CodeIgniter\CodeIgniter->handleRequest(null, Object(Config\Cache), false)
 8 FCPATH/index.php(67): CodeIgniter\CodeIgniter->run()
CRITICAL - 2022-09-02 01:25:30 --> Call to undefined function display_error()
in APPPATH/Views/pages/employeeRegistration.php on line 105.
 1 SYSTEMPATH/View/View.php(213): include()
 2 SYSTEMPATH/View/View.php(216): CodeIgniter\View\View->CodeIgniter\View\{closure}()
 3 SYSTEMPATH/Common.php(1142): CodeIgniter\View\View->render('pages/employeeRegistration.php', [], true)
 4 APPPATH/Controllers/Project.php(35): view('pages/employeeRegistration.php', [...])
 5 SYSTEMPATH/CodeIgniter.php(904): App\Controllers\Project->employee()
 6 SYSTEMPATH/CodeIgniter.php(457): CodeIgniter\CodeIgniter->runController(Object(App\Controllers\Project))
 7 SYSTEMPATH/CodeIgniter.php(340): CodeIgniter\CodeIgniter->handleRequest(null, Object(Config\Cache), false)
 8 FCPATH/index.php(67): CodeIgniter\CodeIgniter->run()
CRITICAL - 2022-09-02 01:33:53 --> Call to undefined function display_error()
in APPPATH/Views/pages/employeeRegistration.php on line 105.
 1 SYSTEMPATH/View/View.php(213): include()
 2 SYSTEMPATH/View/View.php(216): CodeIgniter\View\View->CodeIgniter\View\{closure}()
 3 SYSTEMPATH/Common.php(1142): CodeIgniter\View\View->render('pages/employeeRegistration.php', [], true)
 4 APPPATH/Controllers/Project.php(35): view('pages/employeeRegistration.php', [...])
 5 SYSTEMPATH/CodeIgniter.php(904): App\Controllers\Project->employee()
 6 SYSTEMPATH/CodeIgniter.php(457): CodeIgniter\CodeIgniter->runController(Object(App\Controllers\Project))
 7 SYSTEMPATH/CodeIgniter.php(340): CodeIgniter\CodeIgniter->handleRequest(null, Object(Config\Cache), false)
 8 FCPATH/index.php(67): CodeIgniter\CodeIgniter->run()
CRITICAL - 2022-09-02 01:34:45 --> Call to undefined function displayError()
in APPPATH/Views/pages/employeeRegistration.php on line 105.
 1 SYSTEMPATH/View/View.php(213): include()
 2 SYSTEMPATH/View/View.php(216): CodeIgniter\View\View->CodeIgniter\View\{closure}()
 3 SYSTEMPATH/Common.php(1142): CodeIgniter\View\View->render('pages/employeeRegistration.php', [], true)
 4 APPPATH/Controllers/Project.php(35): view('pages/employeeRegistration.php', [...])
 5 SYSTEMPATH/CodeIgniter.php(904): App\Controllers\Project->employee()
 6 SYSTEMPATH/CodeIgniter.php(457): CodeIgniter\CodeIgniter->runController(Object(App\Controllers\Project))
 7 SYSTEMPATH/CodeIgniter.php(340): CodeIgniter\CodeIgniter->handleRequest(null, Object(Config\Cache), false)
 8 FCPATH/index.php(67): CodeIgniter\CodeIgniter->run()
CRITICAL - 2022-09-02 01:39:40 --> Call to undefined function displayError()
in APPPATH/Views/pages/employeeRegistration.php on line 105.
 1 SYSTEMPATH/View/View.php(213): include()
 2 SYSTEMPATH/View/View.php(216): CodeIgniter\View\View->CodeIgniter\View\{closure}()
 3 SYSTEMPATH/Common.php(1142): CodeIgniter\View\View->render('pages/employeeRegistration', [], true)
 4 APPPATH/Controllers/Project.php(26): view('pages/employeeRegistration', [...])
 5 SYSTEMPATH/CodeIgniter.php(904): App\Controllers\Project->employee()
 6 SYSTEMPATH/CodeIgniter.php(457): CodeIgniter\CodeIgniter->runController(Object(App\Controllers\Project))
 7 SYSTEMPATH/CodeIgniter.php(340): CodeIgniter\CodeIgniter->handleRequest(null, Object(Config\Cache), false)
 8 FCPATH/index.php(67): CodeIgniter\CodeIgniter->run()
CRITICAL - 2022-09-02 01:41:07 --> Call to undefined function displayError()
in APPPATH/Views/pages/employeeRegistration.php on line 105.
 1 SYSTEMPATH/View/View.php(213): include()
 2 SYSTEMPATH/View/View.php(216): CodeIgniter\View\View->CodeIgniter\View\{closure}()
 3 SYSTEMPATH/Common.php(1142): CodeIgniter\View\View->render('pages/employeeRegistration', [], true)
 4 APPPATH/Controllers/Project.php(26): view('pages/employeeRegistration', [...])
 5 SYSTEMPATH/CodeIgniter.php(904): App\Controllers\Project->employee()
 6 SYSTEMPATH/CodeIgniter.php(457): CodeIgniter\CodeIgniter->runController(Object(App\Controllers\Project))
 7 SYSTEMPATH/CodeIgniter.php(340): CodeIgniter\CodeIgniter->handleRequest(null, Object(Config\Cache), false)
 8 FCPATH/index.php(67): CodeIgniter\CodeIgniter->run()
CRITICAL - 2022-09-02 02:31:05 --> Undefined variable $model
in APPPATH/Controllers/Project.php on line 42.
 1 APPPATH/Controllers/Project.php(42): CodeIgniter\Debug\Exceptions->errorHandler(2, 'Undefined variable $model', 'APPPATH/Controllers/Project.php', 42)
 2 SYSTEMPATH/CodeIgniter.php(904): App\Controllers\Project->employee()
 3 SYSTEMPATH/CodeIgniter.php(457): CodeIgniter\CodeIgniter->runController(Object(App\Controllers\Project))
 4 SYSTEMPATH/CodeIgniter.php(340): CodeIgniter\CodeIgniter->handleRequest(null, Object(Config\Cache), false)
 5 FCPATH/index.php(67): CodeIgniter\CodeIgniter->run()
CRITICAL - 2022-09-02 02:31:53 --> Class "App\Controllers\CommonModel" not found
in APPPATH/Controllers/Project.php on line 17.
 1 SYSTEMPATH/CodeIgniter.php(904): App\Controllers\Project->employee()
 2 SYSTEMPATH/CodeIgniter.php(457): CodeIgniter\CodeIgniter->runController(Object(App\Controllers\Project))
 3 SYSTEMPATH/CodeIgniter.php(340): CodeIgniter\CodeIgniter->handleRequest(null, Object(Config\Cache), false)
 4 FCPATH/index.php(67): CodeIgniter\CodeIgniter->run()
CRITICAL - 2022-09-02 02:33:20 --> Class "App\Controllers\CommonModel" not found
in APPPATH/Controllers/Project.php on line 15.
 1 SYSTEMPATH/CodeIgniter.php(904): App\Controllers\Project->employee()
 2 SYSTEMPATH/CodeIgniter.php(457): CodeIgniter\CodeIgniter->runController(Object(App\Controllers\Project))
 3 SYSTEMPATH/CodeIgniter.php(340): CodeIgniter\CodeIgniter->handleRequest(null, Object(Config\Cache), false)
 4 FCPATH/index.php(67): CodeIgniter\CodeIgniter->run()
CRITICAL - 2022-09-02 02:34:07 --> Class "App\Controllers\CommonModel" not found
in APPPATH/Controllers/Project.php on line 15.
 1 SYSTEMPATH/CodeIgniter.php(904): App\Controllers\Project->employee()
 2 SYSTEMPATH/CodeIgniter.php(457): CodeIgniter\CodeIgniter->runController(Object(App\Controllers\Project))
 3 SYSTEMPATH/CodeIgniter.php(340): CodeIgniter\CodeIgniter->handleRequest(null, Object(Config\Cache), false)
 4 FCPATH/index.php(67): CodeIgniter\CodeIgniter->run()
CRITICAL - 2022-09-02 02:34:33 --> Class "App\Controllers\CommonModel" not found
in APPPATH/Controllers/Project.php on line 31.
 1 SYSTEMPATH/CodeIgniter.php(904): App\Controllers\Project->employee()
 2 SYSTEMPATH/CodeIgniter.php(457): CodeIgniter\CodeIgniter->runController(Object(App\Controllers\Project))
 3 SYSTEMPATH/CodeIgniter.php(340): CodeIgniter\CodeIgniter->handleRequest(null, Object(Config\Cache), false)
 4 FCPATH/index.php(67): CodeIgniter\CodeIgniter->run()
ERROR - 2022-09-02 02:37:08 --> mysqli_sql_exception: Table 'codeProject.user' doesn't exist in /opt/lampp/htdocs/codeProject/system/Database/MySQLi/Connection.php:292
Stack trace:
#0 /opt/lampp/htdocs/codeProject/system/Database/MySQLi/Connection.php(292): mysqli->query('INSERT INTO `us...', 0)
#1 /opt/lampp/htdocs/codeProject/system/Database/BaseConnection.php(693): CodeIgniter\Database\MySQLi\Connection->execute('INSERT INTO `us...')
#2 /opt/lampp/htdocs/codeProject/system/Database/BaseConnection.php(620): CodeIgniter\Database\BaseConnection->simpleQuery('INSERT INTO `us...')
#3 /opt/lampp/htdocs/codeProject/system/Database/BaseBuilder.php(1916): CodeIgniter\Database\BaseConnection->query('INSERT INTO `us...', Array, false)
#4 /opt/lampp/htdocs/codeProject/app/Models/CommonModel.php(8): CodeIgniter\Database\BaseBuilder->insert(Array)
#5 /opt/lampp/htdocs/codeProject/app/Controllers/Project.php(47): App\Models\CommonModel->insertEmployeeValue('user', Array)
#6 /opt/lampp/htdocs/codeProject/system/CodeIgniter.php(904): App\Controllers\Project->employee()
#7 /opt/lampp/htdocs/codeProject/system/CodeIgniter.php(457): CodeIgniter\CodeIgniter->runController(Object(App\Controllers\Project))
#8 /opt/lampp/htdocs/codeProject/system/CodeIgniter.php(340): CodeIgniter\CodeIgniter->handleRequest(NULL, Object(Config\Cache), false)
#9 /opt/lampp/htdocs/codeProject/index.php(67): CodeIgniter\CodeIgniter->run()
#10 {main}
CRITICAL - 2022-09-02 02:37:08 --> Table 'codeProject.user' doesn't exist
in SYSTEMPATH/Database/MySQLi/Connection.php on line 292.
 1 SYSTEMPATH/Database/MySQLi/Connection.php(292): mysqli->query('INSERT INTO `user` (`fname`, `lname`, `phone`, `email`, `password`) VALUES (\'Divya\', \'Gupta\', \'9930452222\', \'admin@gmail.com\', \'123456\')', 0)
 2 SYSTEMPATH/Database/BaseConnection.php(693): CodeIgniter\Database\MySQLi\Connection->execute('INSERT INTO `user` (`fname`, `lname`, `phone`, `email`, `password`) VALUES (\'Divya\', \'Gupta\', \'9930452222\', \'admin@gmail.com\', \'123456\')')
 3 SYSTEMPATH/Database/BaseConnection.php(620): CodeIgniter\Database\BaseConnection->simpleQuery('INSERT INTO `user` (`fname`, `lname`, `phone`, `email`, `password`) VALUES (\'Divya\', \'Gupta\', \'9930452222\', \'admin@gmail.com\', \'123456\')')
 4 SYSTEMPATH/Database/BaseBuilder.php(1916): CodeIgniter\Database\BaseConnection->query('INSERT INTO `user` (`fname`, `lname`, `phone`, `email`, `password`) VALUES (:fname:, :lname:, :phone:, :email:, :password:)', [...], false)
 5 APPPATH/Models/CommonModel.php(8): CodeIgniter\Database\BaseBuilder->insert([...])
 6 APPPATH/Controllers/Project.php(47): App\Models\CommonModel->insertEmployeeValue('user', [...])
 7 SYSTEMPATH/CodeIgniter.php(904): App\Controllers\Project->employee()
 8 SYSTEMPATH/CodeIgniter.php(457): CodeIgniter\CodeIgniter->runController(Object(App\Controllers\Project))
 9 SYSTEMPATH/CodeIgniter.php(340): CodeIgniter\CodeIgniter->handleRequest(null, Object(Config\Cache), false)
10 FCPATH/index.php(67): CodeIgniter\CodeIgniter->run()
ERROR - 2022-09-02 02:38:08 --> mysqli_sql_exception: Table 'codeProject.codeProject' doesn't exist in /opt/lampp/htdocs/codeProject/system/Database/MySQLi/Connection.php:292
Stack trace:
#0 /opt/lampp/htdocs/codeProject/system/Database/MySQLi/Connection.php(292): mysqli->query('INSERT INTO `co...', 0)
#1 /opt/lampp/htdocs/codeProject/system/Database/BaseConnection.php(693): CodeIgniter\Database\MySQLi\Connection->execute('INSERT INTO `co...')
#2 /opt/lampp/htdocs/codeProject/system/Database/BaseConnection.php(620): CodeIgniter\Database\BaseConnection->simpleQuery('INSERT INTO `co...')
#3 /opt/lampp/htdocs/codeProject/system/Database/BaseBuilder.php(1916): CodeIgniter\Database\BaseConnection->query('INSERT INTO `co...', Array, false)
#4 /opt/lampp/htdocs/codeProject/app/Models/CommonModel.php(8): CodeIgniter\Database\BaseBuilder->insert(Array)
#5 /opt/lampp/htdocs/codeProject/app/Controllers/Project.php(47): App\Models\CommonModel->insertEmployeeValue('codeProject', Array)
#6 /opt/lampp/htdocs/codeProject/system/CodeIgniter.php(904): App\Controllers\Project->employee()
#7 /opt/lampp/htdocs/codeProject/system/CodeIgniter.php(457): CodeIgniter\CodeIgniter->runController(Object(App\Controllers\Project))
#8 /opt/lampp/htdocs/codeProject/system/CodeIgniter.php(340): CodeIgniter\CodeIgniter->handleRequest(NULL, Object(Config\Cache), false)
#9 /opt/lampp/htdocs/codeProject/index.php(67): CodeIgniter\CodeIgniter->run()
#10 {main}
CRITICAL - 2022-09-02 02:38:08 --> Table 'codeProject.codeProject' doesn't exist
in SYSTEMPATH/Database/MySQLi/Connection.php on line 292.
 1 SYSTEMPATH/Database/MySQLi/Connection.php(292): mysqli->query('INSERT INTO `codeProject` (`fname`, `lname`, `phone`, `email`, `password`) VALUES (\'Divya\', \'Gupta\', \'9930452222\', \'admin@gmail.com\', \'123456\')', 0)
 2 SYSTEMPATH/Database/BaseConnection.php(693): CodeIgniter\Database\MySQLi\Connection->execute('INSERT INTO `codeProject` (`fname`, `lname`, `phone`, `email`, `password`) VALUES (\'Divya\', \'Gupta\', \'9930452222\', \'admin@gmail.com\', \'123456\')')
 3 SYSTEMPATH/Database/BaseConnection.php(620): CodeIgniter\Database\BaseConnection->simpleQuery('INSERT INTO `codeProject` (`fname`, `lname`, `phone`, `email`, `password`) VALUES (\'Divya\', \'Gupta\', \'9930452222\', \'admin@gmail.com\', \'123456\')')
 4 SYSTEMPATH/Database/BaseBuilder.php(1916): CodeIgniter\Database\BaseConnection->query('INSERT INTO `codeProject` (`fname`, `lname`, `phone`, `email`, `password`) VALUES (:fname:, :lname:, :phone:, :email:, :password:)', [...], false)
 5 APPPATH/Models/CommonModel.php(8): CodeIgniter\Database\BaseBuilder->insert([...])
 6 APPPATH/Controllers/Project.php(47): App\Models\CommonModel->insertEmployeeValue('codeProject', [...])
 7 SYSTEMPATH/CodeIgniter.php(904): App\Controllers\Project->employee()
 8 SYSTEMPATH/CodeIgniter.php(457): CodeIgniter\CodeIgniter->runController(Object(App\Controllers\Project))
 9 SYSTEMPATH/CodeIgniter.php(340): CodeIgniter\CodeIgniter->handleRequest(null, Object(Config\Cache), false)
10 FCPATH/index.php(67): CodeIgniter\CodeIgniter->run()
CRITICAL - 2022-09-02 04:42:14 --> Invalid file: pages.php
in SYSTEMPATH/Exceptions/FrameworkException.php on line 33.
 1 SYSTEMPATH/View/View.php(201): CodeIgniter\Exceptions\FrameworkException::forInvalidFile('pages.php')
 2 SYSTEMPATH/Common.php(1142): CodeIgniter\View\View->render('pages', [], true)
 3 APPPATH/Controllers/Project.php(76): view('pages', [...])
 4 SYSTEMPATH/CodeIgniter.php(904): App\Controllers\Project->checkLogin()
 5 SYSTEMPATH/CodeIgniter.php(457): CodeIgniter\CodeIgniter->runController(Object(App\Controllers\Project))
 6 SYSTEMPATH/CodeIgniter.php(340): CodeIgniter\CodeIgniter->handleRequest(null, Object(Config\Cache), false)
 7 FCPATH/index.php(67): CodeIgniter\CodeIgniter->run()
CRITICAL - 2022-09-02 04:44:11 --> syntax error, unexpected token "echo"
in APPPATH/Views/pages/index.php on line 211.
 1 SYSTEMPATH/View/View.php(216): CodeIgniter\View\View->CodeIgniter\View\{closure}()
 2 SYSTEMPATH/Common.php(1142): CodeIgniter\View\View->render('pages/index', [], true)
 3 APPPATH/Controllers/Project.php(76): view('pages/index', [...])
 4 SYSTEMPATH/CodeIgniter.php(904): App\Controllers\Project->checkLogin()
 5 SYSTEMPATH/CodeIgniter.php(457): CodeIgniter\CodeIgniter->runController(Object(App\Controllers\Project))
 6 SYSTEMPATH/CodeIgniter.php(340): CodeIgniter\CodeIgniter->handleRequest(null, Object(Config\Cache), false)
 7 FCPATH/index.php(67): CodeIgniter\CodeIgniter->run()
CRITICAL - 2022-09-02 04:50:23 --> Undefined constant "set_value"
in APPPATH/Views/pages/index.php on line 211.
 1 SYSTEMPATH/View/View.php(213): include()
 2 SYSTEMPATH/View/View.php(216): CodeIgniter\View\View->CodeIgniter\View\{closure}()
 3 SYSTEMPATH/Common.php(1142): CodeIgniter\View\View->render('pages/index', [], true)
 4 APPPATH/Controllers/Project.php(76): view('pages/index', [...])
 5 SYSTEMPATH/CodeIgniter.php(904): App\Controllers\Project->checkLogin()
 6 SYSTEMPATH/CodeIgniter.php(457): CodeIgniter\CodeIgniter->runController(Object(App\Controllers\Project))
 7 SYSTEMPATH/CodeIgniter.php(340): CodeIgniter\CodeIgniter->handleRequest(null, Object(Config\Cache), false)
 8 FCPATH/index.php(67): CodeIgniter\CodeIgniter->run()
CRITICAL - 2022-09-02 04:50:28 --> Undefined constant "set_value"
in APPPATH/Views/pages/index.php on line 211.
 1 SYSTEMPATH/View/View.php(213): include()
 2 SYSTEMPATH/View/View.php(216): CodeIgniter\View\View->CodeIgniter\View\{closure}()
 3 SYSTEMPATH/Common.php(1142): CodeIgniter\View\View->render('pages/index', [], true)
 4 APPPATH/Controllers/Project.php(76): view('pages/index', [...])
 5 SYSTEMPATH/CodeIgniter.php(904): App\Controllers\Project->checkLogin()
 6 SYSTEMPATH/CodeIgniter.php(457): CodeIgniter\CodeIgniter->runController(Object(App\Controllers\Project))
 7 SYSTEMPATH/CodeIgniter.php(340): CodeIgniter\CodeIgniter->handleRequest(null, Object(Config\Cache), false)
 8 FCPATH/index.php(67): CodeIgniter\CodeIgniter->run()
CRITICAL - 2022-09-02 04:50:32 --> Undefined constant "set_value"
in APPPATH/Views/pages/index.php on line 211.
 1 SYSTEMPATH/View/View.php(213): include()
 2 SYSTEMPATH/View/View.php(216): CodeIgniter\View\View->CodeIgniter\View\{closure}()
 3 SYSTEMPATH/Common.php(1142): CodeIgniter\View\View->render('pages/index', [], true)
 4 APPPATH/Controllers/Project.php(76): view('pages/index', [...])
 5 SYSTEMPATH/CodeIgniter.php(904): App\Controllers\Project->checkLogin()
 6 SYSTEMPATH/CodeIgniter.php(457): CodeIgniter\CodeIgniter->runController(Object(App\Controllers\Project))
 7 SYSTEMPATH/CodeIgniter.php(340): CodeIgniter\CodeIgniter->handleRequest(null, Object(Config\Cache), false)
 8 FCPATH/index.php(67): CodeIgniter\CodeIgniter->run()
CRITICAL - 2022-09-02 04:50:35 --> Undefined constant "set_value"
in APPPATH/Views/pages/index.php on line 211.
 1 SYSTEMPATH/View/View.php(213): include()
 2 SYSTEMPATH/View/View.php(216): CodeIgniter\View\View->CodeIgniter\View\{closure}()
 3 SYSTEMPATH/Common.php(1142): CodeIgniter\View\View->render('pages/index', [], true)
 4 APPPATH/Controllers/Project.php(76): view('pages/index', [...])
 5 SYSTEMPATH/CodeIgniter.php(904): App\Controllers\Project->checkLogin()
 6 SYSTEMPATH/CodeIgniter.php(457): CodeIgniter\CodeIgniter->runController(Object(App\Controllers\Project))
 7 SYSTEMPATH/CodeIgniter.php(340): CodeIgniter\CodeIgniter->handleRequest(null, Object(Config\Cache), false)
 8 FCPATH/index.php(67): CodeIgniter\CodeIgniter->run()
CRITICAL - 2022-09-02 04:50:36 --> Undefined constant "set_value"
in APPPATH/Views/pages/index.php on line 211.
 1 SYSTEMPATH/View/View.php(213): include()
 2 SYSTEMPATH/View/View.php(216): CodeIgniter\View\View->CodeIgniter\View\{closure}()
 3 SYSTEMPATH/Common.php(1142): CodeIgniter\View\View->render('pages/index', [], true)
 4 APPPATH/Controllers/Project.php(13): view('pages/index')
 5 SYSTEMPATH/CodeIgniter.php(904): App\Controllers\Project->index()
 6 SYSTEMPATH/CodeIgniter.php(457): CodeIgniter\CodeIgniter->runController(Object(App\Controllers\Project))
 7 SYSTEMPATH/CodeIgniter.php(340): CodeIgniter\CodeIgniter->handleRequest(null, Object(Config\Cache), false)
 8 FCPATH/index.php(67): CodeIgniter\CodeIgniter->run()
CRITICAL - 2022-09-02 04:50:41 --> Undefined constant "set_value"
in APPPATH/Views/pages/index.php on line 211.
 1 SYSTEMPATH/View/View.php(213): include()
 2 SYSTEMPATH/View/View.php(216): CodeIgniter\View\View->CodeIgniter\View\{closure}()
 3 SYSTEMPATH/Common.php(1142): CodeIgniter\View\View->render('pages/index', [], true)
 4 APPPATH/Controllers/Project.php(13): view('pages/index')
 5 SYSTEMPATH/CodeIgniter.php(904): App\Controllers\Project->index()
 6 SYSTEMPATH/CodeIgniter.php(457): CodeIgniter\CodeIgniter->runController(Object(App\Controllers\Project))
 7 SYSTEMPATH/CodeIgniter.php(340): CodeIgniter\CodeIgniter->handleRequest(null, Object(Config\Cache), false)
 8 FCPATH/index.php(67): CodeIgniter\CodeIgniter->run()
CRITICAL - 2022-09-02 05:51:31 --> Undefined array key "password"
in APPPATH/Controllers/Project.php on line 85.
 1 APPPATH/Controllers/Project.php(85): CodeIgniter\Debug\Exceptions->errorHandler(2, 'Undefined array key "password"', 'APPPATH/Controllers/Project.php', 85)
 2 SYSTEMPATH/CodeIgniter.php(904): App\Controllers\Project->checkLogin()
 3 SYSTEMPATH/CodeIgniter.php(457): CodeIgniter\CodeIgniter->runController(Object(App\Controllers\Project))
 4 SYSTEMPATH/CodeIgniter.php(340): CodeIgniter\CodeIgniter->handleRequest(null, Object(Config\Cache), false)
 5 FCPATH/index.php(67): CodeIgniter\CodeIgniter->run()
CRITICAL - 2022-09-02 05:52:07 --> Undefined array key "password"
in APPPATH/Controllers/Project.php on line 85.
 1 APPPATH/Controllers/Project.php(85): CodeIgniter\Debug\Exceptions->errorHandler(2, 'Undefined array key "password"', 'APPPATH/Controllers/Project.php', 85)
 2 SYSTEMPATH/CodeIgniter.php(904): App\Controllers\Project->checkLogin()
 3 SYSTEMPATH/CodeIgniter.php(457): CodeIgniter\CodeIgniter->runController(Object(App\Controllers\Project))
 4 SYSTEMPATH/CodeIgniter.php(340): CodeIgniter\CodeIgniter->handleRequest(null, Object(Config\Cache), false)
 5 FCPATH/index.php(67): CodeIgniter\CodeIgniter->run()
CRITICAL - 2022-09-02 05:52:27 --> Undefined array key "password"
in APPPATH/Controllers/Project.php on line 85.
 1 APPPATH/Controllers/Project.php(85): CodeIgniter\Debug\Exceptions->errorHandler(2, 'Undefined array key "password"', 'APPPATH/Controllers/Project.php', 85)
 2 SYSTEMPATH/CodeIgniter.php(904): App\Controllers\Project->checkLogin()
 3 SYSTEMPATH/CodeIgniter.php(457): CodeIgniter\CodeIgniter->runController(Object(App\Controllers\Project))
 4 SYSTEMPATH/CodeIgniter.php(340): CodeIgniter\CodeIgniter->handleRequest(null, Object(Config\Cache), false)
 5 FCPATH/index.php(67): CodeIgniter\CodeIgniter->run()
CRITICAL - 2022-09-02 06:12:25 --> Invalid file: dashboard/Business_registration.php
in SYSTEMPATH/Exceptions/FrameworkException.php on line 33.
 1 SYSTEMPATH/View/View.php(201): CodeIgniter\Exceptions\FrameworkException::forInvalidFile('dashboard/Business_registration.php')
 2 SYSTEMPATH/Common.php(1142): CodeIgniter\View\View->render('dashboard/Business_registration', [], true)
 3 APPPATH/Controllers/Dashboard.php(13): view('dashboard/Business_registration')
 4 SYSTEMPATH/CodeIgniter.php(904): App\Controllers\Dashboard->businessRegis()
 5 SYSTEMPATH/CodeIgniter.php(457): CodeIgniter\CodeIgniter->runController(Object(App\Controllers\Dashboard))
 6 SYSTEMPATH/CodeIgniter.php(340): CodeIgniter\CodeIgniter->handleRequest(null, Object(Config\Cache), false)
 7 FCPATH/index.php(67): CodeIgniter\CodeIgniter->run()
CRITICAL - 2022-09-02 07:29:39 --> You must set the database table to be used with your query.
in SYSTEMPATH/Database/BaseConnection.php on line 872.
 1 SYSTEMPATH/Model.php(587): CodeIgniter\Database\BaseConnection->table(null)
 2 SYSTEMPATH/Model.php(170): CodeIgniter\Model->builder()
 3 SYSTEMPATH/BaseModel.php(523): CodeIgniter\Model->doFind(true, '1')
 4 APPPATH/Controllers/Dashboard.php(12): CodeIgniter\BaseModel->find('1')
 5 SYSTEMPATH/CodeIgniter.php(904): App\Controllers\Dashboard->Dashboard()
 6 SYSTEMPATH/CodeIgniter.php(457): CodeIgniter\CodeIgniter->runController(Object(App\Controllers\Dashboard))
 7 SYSTEMPATH/CodeIgniter.php(340): CodeIgniter\CodeIgniter->handleRequest(null, Object(Config\Cache), false)
 8 FCPATH/index.php(67): CodeIgniter\CodeIgniter->run()
CRITICAL - 2022-09-02 23:11:24 --> You must set the database table to be used with your query.
in SYSTEMPATH/Database/BaseConnection.php on line 872.
 1 SYSTEMPATH/Model.php(587): CodeIgniter\Database\BaseConnection->table(null)
 2 SYSTEMPATH/Model.php(170): CodeIgniter\Model->builder()
 3 SYSTEMPATH/BaseModel.php(523): CodeIgniter\Model->doFind(false, null)
 4 APPPATH/Controllers/Dashboard.php(12): CodeIgniter\BaseModel->find(null)
 5 SYSTEMPATH/CodeIgniter.php(904): App\Controllers\Dashboard->Dashboard()
 6 SYSTEMPATH/CodeIgniter.php(457): CodeIgniter\CodeIgniter->runController(Object(App\Controllers\Dashboard))
 7 SYSTEMPATH/CodeIgniter.php(340): CodeIgniter\CodeIgniter->handleRequest(null, Object(Config\Cache), false)
 8 FCPATH/index.php(67): CodeIgniter\CodeIgniter->run()
CRITICAL - 2022-09-02 23:11:24 --> You must set the database table to be used with your query.
in SYSTEMPATH/Database/BaseConnection.php on line 872.
 1 SYSTEMPATH/Model.php(587): CodeIgniter\Database\BaseConnection->table(null)
 2 SYSTEMPATH/Model.php(170): CodeIgniter\Model->builder()
 3 SYSTEMPATH/BaseModel.php(523): CodeIgniter\Model->doFind(false, null)
 4 APPPATH/Controllers/Dashboard.php(12): CodeIgniter\BaseModel->find(null)
 5 SYSTEMPATH/CodeIgniter.php(904): App\Controllers\Dashboard->Dashboard()
 6 SYSTEMPATH/CodeIgniter.php(457): CodeIgniter\CodeIgniter->runController(Object(App\Controllers\Dashboard))
 7 SYSTEMPATH/CodeIgniter.php(340): CodeIgniter\CodeIgniter->handleRequest(null, Object(Config\Cache), false)
 8 FCPATH/index.php(67): CodeIgniter\CodeIgniter->run()
CRITICAL - 2022-09-02 23:11:25 --> You must set the database table to be used with your query.
in SYSTEMPATH/Database/BaseConnection.php on line 872.
 1 SYSTEMPATH/Model.php(587): CodeIgniter\Database\BaseConnection->table(null)
 2 SYSTEMPATH/Model.php(170): CodeIgniter\Model->builder()
 3 SYSTEMPATH/BaseModel.php(523): CodeIgniter\Model->doFind(false, null)
 4 APPPATH/Controllers/Dashboard.php(12): CodeIgniter\BaseModel->find(null)
 5 SYSTEMPATH/CodeIgniter.php(904): App\Controllers\Dashboard->Dashboard()
 6 SYSTEMPATH/CodeIgniter.php(457): CodeIgniter\CodeIgniter->runController(Object(App\Controllers\Dashboard))
 7 SYSTEMPATH/CodeIgniter.php(340): CodeIgniter\CodeIgniter->handleRequest(null, Object(Config\Cache), false)
 8 FCPATH/index.php(67): CodeIgniter\CodeIgniter->run()
CRITICAL - 2022-09-02 23:12:07 --> You must set the database table to be used with your query.
in SYSTEMPATH/Database/BaseConnection.php on line 872.
 1 SYSTEMPATH/Model.php(587): CodeIgniter\Database\BaseConnection->table(null)
 2 SYSTEMPATH/Model.php(170): CodeIgniter\Model->builder()
 3 SYSTEMPATH/BaseModel.php(523): CodeIgniter\Model->doFind(false, null)
 4 APPPATH/Controllers/Dashboard.php(12): CodeIgniter\BaseModel->find(null)
 5 SYSTEMPATH/CodeIgniter.php(904): App\Controllers\Dashboard->Dashboard()
 6 SYSTEMPATH/CodeIgniter.php(457): CodeIgniter\CodeIgniter->runController(Object(App\Controllers\Dashboard))
 7 SYSTEMPATH/CodeIgniter.php(340): CodeIgniter\CodeIgniter->handleRequest(null, Object(Config\Cache), false)
 8 FCPATH/index.php(67): CodeIgniter\CodeIgniter->run()
CRITICAL - 2022-09-02 23:12:57 --> Invalid file: dashboard/Business_registration.php
in SYSTEMPATH/Exceptions/FrameworkException.php on line 33.
 1 SYSTEMPATH/View/View.php(201): CodeIgniter\Exceptions\FrameworkException::forInvalidFile('dashboard/Business_registration.php')
 2 SYSTEMPATH/Common.php(1142): CodeIgniter\View\View->render('dashboard/Business_registration', [], true)
 3 APPPATH/Controllers/Dashboard.php(19): view('dashboard/Business_registration')
 4 SYSTEMPATH/CodeIgniter.php(904): App\Controllers\Dashboard->businessRegis()
 5 SYSTEMPATH/CodeIgniter.php(457): CodeIgniter\CodeIgniter->runController(Object(App\Controllers\Dashboard))
 6 SYSTEMPATH/CodeIgniter.php(340): CodeIgniter\CodeIgniter->handleRequest(null, Object(Config\Cache), false)
 7 FCPATH/index.php(67): CodeIgniter\CodeIgniter->run()
CRITICAL - 2022-09-02 23:12:58 --> You must set the database table to be used with your query.
in SYSTEMPATH/Database/BaseConnection.php on line 872.
 1 SYSTEMPATH/Model.php(587): CodeIgniter\Database\BaseConnection->table(null)
 2 SYSTEMPATH/Model.php(170): CodeIgniter\Model->builder()
 3 SYSTEMPATH/BaseModel.php(523): CodeIgniter\Model->doFind(false, null)
 4 APPPATH/Controllers/Dashboard.php(12): CodeIgniter\BaseModel->find(null)
 5 SYSTEMPATH/CodeIgniter.php(904): App\Controllers\Dashboard->Dashboard()
 6 SYSTEMPATH/CodeIgniter.php(457): CodeIgniter\CodeIgniter->runController(Object(App\Controllers\Dashboard))
 7 SYSTEMPATH/CodeIgniter.php(340): CodeIgniter\CodeIgniter->handleRequest(null, Object(Config\Cache), false)
 8 FCPATH/index.php(67): CodeIgniter\CodeIgniter->run()
CRITICAL - 2022-09-02 23:13:07 --> You must set the database table to be used with your query.
in SYSTEMPATH/Database/BaseConnection.php on line 872.
 1 SYSTEMPATH/Model.php(587): CodeIgniter\Database\BaseConnection->table(null)
 2 SYSTEMPATH/Model.php(170): CodeIgniter\Model->builder()
 3 SYSTEMPATH/BaseModel.php(523): CodeIgniter\Model->doFind(true, '1')
 4 APPPATH/Controllers/Dashboard.php(12): CodeIgniter\BaseModel->find('1')
 5 SYSTEMPATH/CodeIgniter.php(904): App\Controllers\Dashboard->Dashboard()
 6 SYSTEMPATH/CodeIgniter.php(457): CodeIgniter\CodeIgniter->runController(Object(App\Controllers\Dashboard))
 7 SYSTEMPATH/CodeIgniter.php(340): CodeIgniter\CodeIgniter->handleRequest(null, Object(Config\Cache), false)
 8 FCPATH/index.php(67): CodeIgniter\CodeIgniter->run()
CRITICAL - 2022-09-02 23:45:38 --> You must set the database table to be used with your query.
in SYSTEMPATH/Database/BaseConnection.php on line 872.
 1 SYSTEMPATH/Model.php(587): CodeIgniter\Database\BaseConnection->table(null)
 2 SYSTEMPATH/Model.php(170): CodeIgniter\Model->builder()
 3 SYSTEMPATH/BaseModel.php(523): CodeIgniter\Model->doFind(true, '1')
 4 APPPATH/Controllers/Dashboard.php(12): CodeIgniter\BaseModel->find('1')
 5 SYSTEMPATH/CodeIgniter.php(904): App\Controllers\Dashboard->Dashboard()
 6 SYSTEMPATH/CodeIgniter.php(457): CodeIgniter\CodeIgniter->runController(Object(App\Controllers\Dashboard))
 7 SYSTEMPATH/CodeIgniter.php(340): CodeIgniter\CodeIgniter->handleRequest(null, Object(Config\Cache), false)
 8 FCPATH/index.php(67): CodeIgniter\CodeIgniter->run()
CRITICAL - 2022-09-02 23:45:46 --> You must set the database table to be used with your query.
in SYSTEMPATH/Database/BaseConnection.php on line 872.
 1 SYSTEMPATH/Model.php(587): CodeIgniter\Database\BaseConnection->table(null)
 2 SYSTEMPATH/Model.php(170): CodeIgniter\Model->builder()
 3 SYSTEMPATH/BaseModel.php(523): CodeIgniter\Model->doFind(true, '1')
 4 APPPATH/Controllers/Dashboard.php(12): CodeIgniter\BaseModel->find('1')
 5 SYSTEMPATH/CodeIgniter.php(904): App\Controllers\Dashboard->Dashboard()
 6 SYSTEMPATH/CodeIgniter.php(457): CodeIgniter\CodeIgniter->runController(Object(App\Controllers\Dashboard))
 7 SYSTEMPATH/CodeIgniter.php(340): CodeIgniter\CodeIgniter->handleRequest(null, Object(Config\Cache), false)
 8 FCPATH/index.php(67): CodeIgniter\CodeIgniter->run()
CRITICAL - 2022-09-02 23:46:01 --> You must set the database table to be used with your query.
in SYSTEMPATH/Database/BaseConnection.php on line 872.
 1 SYSTEMPATH/Model.php(587): CodeIgniter\Database\BaseConnection->table(null)
 2 SYSTEMPATH/Model.php(170): CodeIgniter\Model->builder()
 3 SYSTEMPATH/BaseModel.php(523): CodeIgniter\Model->doFind(true, '1')
 4 APPPATH/Controllers/Dashboard.php(12): CodeIgniter\BaseModel->find('1')
 5 SYSTEMPATH/CodeIgniter.php(904): App\Controllers\Dashboard->Dashboard()
 6 SYSTEMPATH/CodeIgniter.php(457): CodeIgniter\CodeIgniter->runController(Object(App\Controllers\Dashboard))
 7 SYSTEMPATH/CodeIgniter.php(340): CodeIgniter\CodeIgniter->handleRequest(null, Object(Config\Cache), false)
 8 FCPATH/index.php(67): CodeIgniter\CodeIgniter->run()
CRITICAL - 2022-09-02 23:46:08 --> You must set the database table to be used with your query.
in SYSTEMPATH/Database/BaseConnection.php on line 872.
 1 SYSTEMPATH/Model.php(587): CodeIgniter\Database\BaseConnection->table(null)
 2 SYSTEMPATH/Model.php(170): CodeIgniter\Model->builder()
 3 SYSTEMPATH/BaseModel.php(523): CodeIgniter\Model->doFind(true, '1')
 4 APPPATH/Controllers/Dashboard.php(12): CodeIgniter\BaseModel->find('1')
 5 SYSTEMPATH/CodeIgniter.php(904): App\Controllers\Dashboard->Dashboard()
 6 SYSTEMPATH/CodeIgniter.php(457): CodeIgniter\CodeIgniter->runController(Object(App\Controllers\Dashboard))
 7 SYSTEMPATH/CodeIgniter.php(340): CodeIgniter\CodeIgniter->handleRequest(null, Object(Config\Cache), false)
 8 FCPATH/index.php(67): CodeIgniter\CodeIgniter->run()
CRITICAL - 2022-09-02 23:47:10 --> You must set the database table to be used with your query.
in SYSTEMPATH/Database/BaseConnection.php on line 872.
 1 SYSTEMPATH/Model.php(587): CodeIgniter\Database\BaseConnection->table(null)
 2 SYSTEMPATH/Model.php(170): CodeIgniter\Model->builder()
 3 SYSTEMPATH/BaseModel.php(523): CodeIgniter\Model->doFind(true, '1')
 4 APPPATH/Controllers/Dashboard.php(12): CodeIgniter\BaseModel->find('1')
 5 SYSTEMPATH/CodeIgniter.php(904): App\Controllers\Dashboard->Dashboard()
 6 SYSTEMPATH/CodeIgniter.php(457): CodeIgniter\CodeIgniter->runController(Object(App\Controllers\Dashboard))
 7 SYSTEMPATH/CodeIgniter.php(340): CodeIgniter\CodeIgniter->handleRequest(null, Object(Config\Cache), false)
 8 FCPATH/index.php(67): CodeIgniter\CodeIgniter->run()
CRITICAL - 2022-09-02 23:47:10 --> You must set the database table to be used with your query.
in SYSTEMPATH/Database/BaseConnection.php on line 872.
 1 SYSTEMPATH/Model.php(587): CodeIgniter\Database\BaseConnection->table(null)
 2 SYSTEMPATH/Model.php(170): CodeIgniter\Model->builder()
 3 SYSTEMPATH/BaseModel.php(523): CodeIgniter\Model->doFind(true, '1')
 4 APPPATH/Controllers/Dashboard.php(12): CodeIgniter\BaseModel->find('1')
 5 SYSTEMPATH/CodeIgniter.php(904): App\Controllers\Dashboard->Dashboard()
 6 SYSTEMPATH/CodeIgniter.php(457): CodeIgniter\CodeIgniter->runController(Object(App\Controllers\Dashboard))
 7 SYSTEMPATH/CodeIgniter.php(340): CodeIgniter\CodeIgniter->handleRequest(null, Object(Config\Cache), false)
 8 FCPATH/index.php(67): CodeIgniter\CodeIgniter->run()
CRITICAL - 2022-09-02 23:47:49 --> Undefined variable $data
in APPPATH/Controllers/Dashboard.php on line 15.
 1 APPPATH/Controllers/Dashboard.php(15): CodeIgniter\Debug\Exceptions->errorHandler(2, 'Undefined variable $data', 'APPPATH/Controllers/Dashboard.php', 15)
 2 SYSTEMPATH/CodeIgniter.php(904): App\Controllers\Dashboard->Dashboard()
 3 SYSTEMPATH/CodeIgniter.php(457): CodeIgniter\CodeIgniter->runController(Object(App\Controllers\Dashboard))
 4 SYSTEMPATH/CodeIgniter.php(340): CodeIgniter\CodeIgniter->handleRequest(null, Object(Config\Cache), false)
 5 FCPATH/index.php(67): CodeIgniter\CodeIgniter->run()
CRITICAL - 2022-09-02 23:47:57 --> Invalid file: pages/Dashboard.php
in SYSTEMPATH/Exceptions/FrameworkException.php on line 33.
 1 SYSTEMPATH/View/View.php(201): CodeIgniter\Exceptions\FrameworkException::forInvalidFile('pages/Dashboard.php')
 2 SYSTEMPATH/Common.php(1142): CodeIgniter\View\View->render('pages/Dashboard', [], true)
 3 APPPATH/Controllers/Dashboard.php(15): view('pages/Dashboard')
 4 SYSTEMPATH/CodeIgniter.php(904): App\Controllers\Dashboard->Dashboard()
 5 SYSTEMPATH/CodeIgniter.php(457): CodeIgniter\CodeIgniter->runController(Object(App\Controllers\Dashboard))
 6 SYSTEMPATH/CodeIgniter.php(340): CodeIgniter\CodeIgniter->handleRequest(null, Object(Config\Cache), false)
 7 FCPATH/index.php(67): CodeIgniter\CodeIgniter->run()
CRITICAL - 2022-09-02 23:48:13 --> Invalid file: include/side.php
in SYSTEMPATH/Exceptions/FrameworkException.php on line 33.
 1 SYSTEMPATH/View/View.php(201): CodeIgniter\Exceptions\FrameworkException::forInvalidFile('include/side.php')
 2 SYSTEMPATH/Common.php(1142): CodeIgniter\View\View->render('include/side', [], true)
 3 APPPATH/Views/pages/dashboard.php(2): view('include/side')
 4 SYSTEMPATH/View/View.php(213): include('APPPATH/Views/pages/dashboard.php')
 5 SYSTEMPATH/View/View.php(216): CodeIgniter\View\View->CodeIgniter\View\{closure}()
 6 SYSTEMPATH/Common.php(1142): CodeIgniter\View\View->render('pages/dashboard', [], true)
 7 APPPATH/Controllers/Dashboard.php(15): view('pages/dashboard')
 8 SYSTEMPATH/CodeIgniter.php(904): App\Controllers\Dashboard->Dashboard()
 9 SYSTEMPATH/CodeIgniter.php(457): CodeIgniter\CodeIgniter->runController(Object(App\Controllers\Dashboard))
10 SYSTEMPATH/CodeIgniter.php(340): CodeIgniter\CodeIgniter->handleRequest(null, Object(Config\Cache), false)
11 FCPATH/index.php(67): CodeIgniter\CodeIgniter->run()
CRITICAL - 2022-09-02 23:48:44 --> You must set the database table to be used with your query.
in SYSTEMPATH/Database/BaseConnection.php on line 872.
 1 SYSTEMPATH/Model.php(587): CodeIgniter\Database\BaseConnection->table(null)
 2 SYSTEMPATH/Model.php(170): CodeIgniter\Model->builder()
 3 SYSTEMPATH/BaseModel.php(523): CodeIgniter\Model->doFind(true, '1')
 4 APPPATH/Controllers/Dashboard.php(12): CodeIgniter\BaseModel->find('1')
 5 SYSTEMPATH/CodeIgniter.php(904): App\Controllers\Dashboard->Dashboard()
 6 SYSTEMPATH/CodeIgniter.php(457): CodeIgniter\CodeIgniter->runController(Object(App\Controllers\Dashboard))
 7 SYSTEMPATH/CodeIgniter.php(340): CodeIgniter\CodeIgniter->handleRequest(null, Object(Config\Cache), false)
 8 FCPATH/index.php(67): CodeIgniter\CodeIgniter->run()
CRITICAL - 2022-09-02 23:48:57 --> You must set the database table to be used with your query.
in SYSTEMPATH/Database/BaseConnection.php on line 872.
 1 SYSTEMPATH/Model.php(587): CodeIgniter\Database\BaseConnection->table(null)
 2 SYSTEMPATH/Model.php(170): CodeIgniter\Model->builder()
 3 SYSTEMPATH/BaseModel.php(523): CodeIgniter\Model->doFind(true, '1')
 4 APPPATH/Controllers/Dashboard.php(12): CodeIgniter\BaseModel->find('1')
 5 SYSTEMPATH/CodeIgniter.php(904): App\Controllers\Dashboard->Dashboard()
 6 SYSTEMPATH/CodeIgniter.php(457): CodeIgniter\CodeIgniter->runController(Object(App\Controllers\Dashboard))
 7 SYSTEMPATH/CodeIgniter.php(340): CodeIgniter\CodeIgniter->handleRequest(null, Object(Config\Cache), false)
 8 FCPATH/index.php(67): CodeIgniter\CodeIgniter->run()
CRITICAL - 2022-09-02 23:50:00 --> You must set the database table to be used with your query.
in SYSTEMPATH/Database/BaseConnection.php on line 872.
 1 SYSTEMPATH/Model.php(587): CodeIgniter\Database\BaseConnection->table(null)
 2 SYSTEMPATH/Model.php(170): CodeIgniter\Model->builder()
 3 SYSTEMPATH/BaseModel.php(523): CodeIgniter\Model->doFind(true, '1')
 4 APPPATH/Controllers/Dashboard.php(12): CodeIgniter\BaseModel->find('1')
 5 SYSTEMPATH/CodeIgniter.php(904): App\Controllers\Dashboard->Dashboard()
 6 SYSTEMPATH/CodeIgniter.php(457): CodeIgniter\CodeIgniter->runController(Object(App\Controllers\Dashboard))
 7 SYSTEMPATH/CodeIgniter.php(340): CodeIgniter\CodeIgniter->handleRequest(null, Object(Config\Cache), false)
 8 FCPATH/index.php(67): CodeIgniter\CodeIgniter->run()
CRITICAL - 2022-09-02 23:53:25 --> You must set the database table to be used with your query.
in SYSTEMPATH/Database/BaseConnection.php on line 872.
 1 SYSTEMPATH/Model.php(587): CodeIgniter\Database\BaseConnection->table(null)
 2 SYSTEMPATH/Model.php(170): CodeIgniter\Model->builder()
 3 SYSTEMPATH/BaseModel.php(523): CodeIgniter\Model->doFind(true, '1')
 4 APPPATH/Controllers/Dashboard.php(12): CodeIgniter\BaseModel->find('1')
 5 SYSTEMPATH/CodeIgniter.php(904): App\Controllers\Dashboard->Dashboard()
 6 SYSTEMPATH/CodeIgniter.php(457): CodeIgniter\CodeIgniter->runController(Object(App\Controllers\Dashboard))
 7 SYSTEMPATH/CodeIgniter.php(340): CodeIgniter\CodeIgniter->handleRequest(null, Object(Config\Cache), false)
 8 FCPATH/index.php(67): CodeIgniter\CodeIgniter->run()
CRITICAL - 2022-09-02 23:54:02 --> You must set the database table to be used with your query.
in SYSTEMPATH/Database/BaseConnection.php on line 872.
 1 SYSTEMPATH/Model.php(587): CodeIgniter\Database\BaseConnection->table(null)
 2 SYSTEMPATH/Model.php(170): CodeIgniter\Model->builder()
 3 SYSTEMPATH/BaseModel.php(523): CodeIgniter\Model->doFind(true, '1')
 4 APPPATH/Controllers/Dashboard.php(12): CodeIgniter\BaseModel->find('1')
 5 SYSTEMPATH/CodeIgniter.php(904): App\Controllers\Dashboard->Dashboard()
 6 SYSTEMPATH/CodeIgniter.php(457): CodeIgniter\CodeIgniter->runController(Object(App\Controllers\Dashboard))
 7 SYSTEMPATH/CodeIgniter.php(340): CodeIgniter\CodeIgniter->handleRequest(null, Object(Config\Cache), false)
 8 FCPATH/index.php(67): CodeIgniter\CodeIgniter->run()
CRITICAL - 2022-09-02 23:54:52 --> You must set the database table to be used with your query.
in SYSTEMPATH/Database/BaseConnection.php on line 872.
 1 SYSTEMPATH/Model.php(587): CodeIgniter\Database\BaseConnection->table(null)
 2 SYSTEMPATH/Model.php(170): CodeIgniter\Model->builder()
 3 SYSTEMPATH/BaseModel.php(523): CodeIgniter\Model->doFind(true, '1')
 4 APPPATH/Controllers/Dashboard.php(12): CodeIgniter\BaseModel->find('1')
 5 SYSTEMPATH/CodeIgniter.php(904): App\Controllers\Dashboard->Dashboard()
 6 SYSTEMPATH/CodeIgniter.php(457): CodeIgniter\CodeIgniter->runController(Object(App\Controllers\Dashboard))
 7 SYSTEMPATH/CodeIgniter.php(340): CodeIgniter\CodeIgniter->handleRequest(null, Object(Config\Cache), false)
 8 FCPATH/index.php(67): CodeIgniter\CodeIgniter->run()
CRITICAL - 2022-09-02 23:56:16 --> You must set the database table to be used with your query.
in SYSTEMPATH/Database/BaseConnection.php on line 872.
 1 SYSTEMPATH/Model.php(587): CodeIgniter\Database\BaseConnection->table(null)
 2 SYSTEMPATH/Model.php(170): CodeIgniter\Model->builder()
 3 SYSTEMPATH/BaseModel.php(523): CodeIgniter\Model->doFind(true, '1')
 4 APPPATH/Controllers/Dashboard.php(12): CodeIgniter\BaseModel->find('1')
 5 SYSTEMPATH/CodeIgniter.php(904): App\Controllers\Dashboard->Dashboard()
 6 SYSTEMPATH/CodeIgniter.php(457): CodeIgniter\CodeIgniter->runController(Object(App\Controllers\Dashboard))
 7 SYSTEMPATH/CodeIgniter.php(340): CodeIgniter\CodeIgniter->handleRequest(null, Object(Config\Cache), false)
 8 FCPATH/index.php(67): CodeIgniter\CodeIgniter->run()
CRITICAL - 2022-09-02 23:56:24 --> You must set the database table to be used with your query.
in SYSTEMPATH/Database/BaseConnection.php on line 872.
 1 SYSTEMPATH/Model.php(587): CodeIgniter\Database\BaseConnection->table(null)
 2 SYSTEMPATH/Model.php(170): CodeIgniter\Model->builder()
 3 SYSTEMPATH/BaseModel.php(523): CodeIgniter\Model->doFind(true, '1')
 4 APPPATH/Controllers/Dashboard.php(12): CodeIgniter\BaseModel->find('1')
 5 SYSTEMPATH/CodeIgniter.php(904): App\Controllers\Dashboard->Dashboard()
 6 SYSTEMPATH/CodeIgniter.php(457): CodeIgniter\CodeIgniter->runController(Object(App\Controllers\Dashboard))
 7 SYSTEMPATH/CodeIgniter.php(340): CodeIgniter\CodeIgniter->handleRequest(null, Object(Config\Cache), false)
 8 FCPATH/index.php(67): CodeIgniter\CodeIgniter->run()
CRITICAL - 2022-09-02 23:58:11 --> You must set the database table to be used with your query.
in SYSTEMPATH/Database/BaseConnection.php on line 872.
 1 SYSTEMPATH/Model.php(587): CodeIgniter\Database\BaseConnection->table(null)
 2 SYSTEMPATH/Model.php(170): CodeIgniter\Model->builder()
 3 SYSTEMPATH/BaseModel.php(523): CodeIgniter\Model->doFind(true, '1')
 4 APPPATH/Controllers/Dashboard.php(12): CodeIgniter\BaseModel->find('1')
 5 SYSTEMPATH/CodeIgniter.php(904): App\Controllers\Dashboard->Dashboard()
 6 SYSTEMPATH/CodeIgniter.php(457): CodeIgniter\CodeIgniter->runController(Object(App\Controllers\Dashboard))
 7 SYSTEMPATH/CodeIgniter.php(340): CodeIgniter\CodeIgniter->handleRequest(null, Object(Config\Cache), false)
 8 FCPATH/index.php(67): CodeIgniter\CodeIgniter->run()
CRITICAL - 2022-09-02 23:58:12 --> You must set the database table to be used with your query.
in SYSTEMPATH/Database/BaseConnection.php on line 872.
 1 SYSTEMPATH/Model.php(587): CodeIgniter\Database\BaseConnection->table(null)
 2 SYSTEMPATH/Model.php(170): CodeIgniter\Model->builder()
 3 SYSTEMPATH/BaseModel.php(523): CodeIgniter\Model->doFind(true, '1')
 4 APPPATH/Controllers/Dashboard.php(12): CodeIgniter\BaseModel->find('1')
 5 SYSTEMPATH/CodeIgniter.php(904): App\Controllers\Dashboard->Dashboard()
 6 SYSTEMPATH/CodeIgniter.php(457): CodeIgniter\CodeIgniter->runController(Object(App\Controllers\Dashboard))
 7 SYSTEMPATH/CodeIgniter.php(340): CodeIgniter\CodeIgniter->handleRequest(null, Object(Config\Cache), false)
 8 FCPATH/index.php(67): CodeIgniter\CodeIgniter->run()
