CRITICAL - 2022-09-03 00:05:12 --> Call to undefined method App\Models\CommonModel::insertEmployeeValue
in SYSTEMPATH/Model.php on line 774.
 1 APPPATH/Controllers/Project.php(49): CodeIgniter\Model->__call('insertEmployeeValue', [...])
 2 SYSTEMPATH/CodeIgniter.php(904): App\Controllers\Project->employee()
 3 SYSTEMPATH/CodeIgniter.php(457): CodeIgniter\CodeIgniter->runController(Object(App\Controllers\Project))
 4 SYSTEMPATH/CodeIgniter.php(340): CodeIgniter\CodeIgniter->handleRequest(null, Object(Config\Cache), false)
 5 FCPATH/index.php(67): CodeIgniter\CodeIgniter->run()
CRITICAL - 2022-09-03 00:07:32 --> Undefined array key "name"
in APPPATH/Views/pages/dashboard.php on line 6.
 1 APPPATH/Views/pages/dashboard.php(6): CodeIgniter\Debug\Exceptions->errorHandler(2, 'Undefined array key "name"', 'APPPATH/Views/pages/dashboard.php', 6)
 2 SYSTEMPATH/View/View.php(213): include('APPPATH/Views/pages/dashboard.php')
 3 SYSTEMPATH/View/View.php(216): CodeIgniter\View\View->CodeIgniter\View\{closure}()
 4 SYSTEMPATH/Common.php(1142): CodeIgniter\View\View->render('pages/dashboard', [], true)
 5 APPPATH/Controllers/Dashboard.php(15): view('pages/dashboard', [...])
 6 SYSTEMPATH/CodeIgniter.php(904): App\Controllers\Dashboard->Dashboard()
 7 SYSTEMPATH/CodeIgniter.php(457): CodeIgniter\CodeIgniter->runController(Object(App\Controllers\Dashboard))
 8 SYSTEMPATH/CodeIgniter.php(340): CodeIgniter\CodeIgniter->handleRequest(null, Object(Config\Cache), false)
 9 FCPATH/index.php(67): CodeIgniter\CodeIgniter->run()
CRITICAL - 2022-09-03 00:07:46 --> Undefined array key "name"
in APPPATH/Views/pages/dashboard.php on line 6.
 1 APPPATH/Views/pages/dashboard.php(6): CodeIgniter\Debug\Exceptions->errorHandler(2, 'Undefined array key "name"', 'APPPATH/Views/pages/dashboard.php', 6)
 2 SYSTEMPATH/View/View.php(213): include('APPPATH/Views/pages/dashboard.php')
 3 SYSTEMPATH/View/View.php(216): CodeIgniter\View\View->CodeIgniter\View\{closure}()
 4 SYSTEMPATH/Common.php(1142): CodeIgniter\View\View->render('pages/dashboard', [], true)
 5 APPPATH/Controllers/Dashboard.php(15): view('pages/dashboard', [...])
 6 SYSTEMPATH/CodeIgniter.php(904): App\Controllers\Dashboard->Dashboard()
 7 SYSTEMPATH/CodeIgniter.php(457): CodeIgniter\CodeIgniter->runController(Object(App\Controllers\Dashboard))
 8 SYSTEMPATH/CodeIgniter.php(340): CodeIgniter\CodeIgniter->handleRequest(null, Object(Config\Cache), false)
 9 FCPATH/index.php(67): CodeIgniter\CodeIgniter->run()
CRITICAL - 2022-09-03 00:07:46 --> Undefined array key "name"
in APPPATH/Views/pages/dashboard.php on line 6.
 1 APPPATH/Views/pages/dashboard.php(6): CodeIgniter\Debug\Exceptions->errorHandler(2, 'Undefined array key "name"', 'APPPATH/Views/pages/dashboard.php', 6)
 2 SYSTEMPATH/View/View.php(213): include('APPPATH/Views/pages/dashboard.php')
 3 SYSTEMPATH/View/View.php(216): CodeIgniter\View\View->CodeIgniter\View\{closure}()
 4 SYSTEMPATH/Common.php(1142): CodeIgniter\View\View->render('pages/dashboard', [], true)
 5 APPPATH/Controllers/Dashboard.php(15): view('pages/dashboard', [...])
 6 SYSTEMPATH/CodeIgniter.php(904): App\Controllers\Dashboard->Dashboard()
 7 SYSTEMPATH/CodeIgniter.php(457): CodeIgniter\CodeIgniter->runController(Object(App\Controllers\Dashboard))
 8 SYSTEMPATH/CodeIgniter.php(340): CodeIgniter\CodeIgniter->handleRequest(null, Object(Config\Cache), false)
 9 FCPATH/index.php(67): CodeIgniter\CodeIgniter->run()
CRITICAL - 2022-09-03 00:21:16 --> Call to undefined function App\Controllers\sesion()
in APPPATH/Controllers/Project.php on line 105.
 1 SYSTEMPATH/CodeIgniter.php(904): App\Controllers\Project->logout()
 2 SYSTEMPATH/CodeIgniter.php(457): CodeIgniter\CodeIgniter->runController(Object(App\Controllers\Project))
 3 SYSTEMPATH/CodeIgniter.php(340): CodeIgniter\CodeIgniter->handleRequest(null, Object(Config\Cache), false)
 4 FCPATH/index.php(67): CodeIgniter\CodeIgniter->run()
CRITICAL - 2022-09-03 00:23:10 --> Call to undefined function App\Controllers\sesion()
in APPPATH/Controllers/Project.php on line 105.
 1 SYSTEMPATH/CodeIgniter.php(904): App\Controllers\Project->logout()
 2 SYSTEMPATH/CodeIgniter.php(457): CodeIgniter\CodeIgniter->runController(Object(App\Controllers\Project))
 3 SYSTEMPATH/CodeIgniter.php(340): CodeIgniter\CodeIgniter->handleRequest(null, Object(Config\Cache), false)
 4 FCPATH/index.php(67): CodeIgniter\CodeIgniter->run()
CRITICAL - 2022-09-03 00:23:30 --> syntax error, unexpected token "(", expecting "," or ";"
in APPPATH/Controllers/Project.php on line 5.
 1 SYSTEMPATH/Autoloader/Autoloader.php(259): CodeIgniter\Autoloader\Autoloader->includeFile('APPPATH/Controllers/Project.php')
 2 SYSTEMPATH/Autoloader/Autoloader.php(237): CodeIgniter\Autoloader\Autoloader->loadInNamespace('App\\Controllers\\Project')
 3 [internal function]: CodeIgniter\Autoloader\Autoloader->loadClass('App\\Controllers\\Project')
 4 SYSTEMPATH/CodeIgniter.php(854): class_exists('\\App\\Controllers\\Project', true)
 5 SYSTEMPATH/CodeIgniter.php(444): CodeIgniter\CodeIgniter->startController()
 6 SYSTEMPATH/CodeIgniter.php(340): CodeIgniter\CodeIgniter->handleRequest(null, Object(Config\Cache), false)
 7 FCPATH/index.php(67): CodeIgniter\CodeIgniter->run()
CRITICAL - 2022-09-03 00:24:06 --> Call to undefined function App\Controllers\sesion()
in APPPATH/Controllers/Project.php on line 106.
 1 SYSTEMPATH/CodeIgniter.php(904): App\Controllers\Project->logout()
 2 SYSTEMPATH/CodeIgniter.php(457): CodeIgniter\CodeIgniter->runController(Object(App\Controllers\Project))
 3 SYSTEMPATH/CodeIgniter.php(340): CodeIgniter\CodeIgniter->handleRequest(null, Object(Config\Cache), false)
 4 FCPATH/index.php(67): CodeIgniter\CodeIgniter->run()
CRITICAL - 2022-09-03 00:24:18 --> Call to undefined function App\Controllers\sesion()
in APPPATH/Controllers/Project.php on line 105.
 1 SYSTEMPATH/CodeIgniter.php(904): App\Controllers\Project->logout()
 2 SYSTEMPATH/CodeIgniter.php(457): CodeIgniter\CodeIgniter->runController(Object(App\Controllers\Project))
 3 SYSTEMPATH/CodeIgniter.php(340): CodeIgniter\CodeIgniter->handleRequest(null, Object(Config\Cache), false)
 4 FCPATH/index.php(67): CodeIgniter\CodeIgniter->run()
CRITICAL - 2022-09-03 00:24:32 --> Call to undefined function App\Controllers\sesion()
in APPPATH/Controllers/Project.php on line 105.
 1 SYSTEMPATH/CodeIgniter.php(904): App\Controllers\Project->logout()
 2 SYSTEMPATH/CodeIgniter.php(457): CodeIgniter\CodeIgniter->runController(Object(App\Controllers\Project))
 3 SYSTEMPATH/CodeIgniter.php(340): CodeIgniter\CodeIgniter->handleRequest(null, Object(Config\Cache), false)
 4 FCPATH/index.php(67): CodeIgniter\CodeIgniter->run()
CRITICAL - 2022-09-03 00:25:07 --> Call to undefined method CodeIgniter\Session\Session::distroy()
in APPPATH/Controllers/Project.php on line 105.
 1 SYSTEMPATH/CodeIgniter.php(904): App\Controllers\Project->logout()
 2 SYSTEMPATH/CodeIgniter.php(457): CodeIgniter\CodeIgniter->runController(Object(App\Controllers\Project))
 3 SYSTEMPATH/CodeIgniter.php(340): CodeIgniter\CodeIgniter->handleRequest(null, Object(Config\Cache), false)
 4 FCPATH/index.php(67): CodeIgniter\CodeIgniter->run()
CRITICAL - 2022-09-03 00:26:09 --> Undefined array key "fname"
in APPPATH/Views/pages/dashboard.php on line 7.
 1 APPPATH/Views/pages/dashboard.php(7): CodeIgniter\Debug\Exceptions->errorHandler(2, 'Undefined array key "fname"', 'APPPATH/Views/pages/dashboard.php', 7)
 2 SYSTEMPATH/View/View.php(213): include('APPPATH/Views/pages/dashboard.php')
 3 SYSTEMPATH/View/View.php(216): CodeIgniter\View\View->CodeIgniter\View\{closure}()
 4 SYSTEMPATH/Common.php(1142): CodeIgniter\View\View->render('pages/dashboard', [], true)
 5 APPPATH/Controllers/Dashboard.php(15): view('pages/dashboard', [...])
 6 SYSTEMPATH/CodeIgniter.php(904): App\Controllers\Dashboard->Dashboard()
 7 SYSTEMPATH/CodeIgniter.php(457): CodeIgniter\CodeIgniter->runController(Object(App\Controllers\Dashboard))
 8 SYSTEMPATH/CodeIgniter.php(340): CodeIgniter\CodeIgniter->handleRequest(null, Object(Config\Cache), false)
 9 FCPATH/index.php(67): CodeIgniter\CodeIgniter->run()
CRITICAL - 2022-09-03 00:26:12 --> Undefined array key "fname"
in APPPATH/Views/pages/dashboard.php on line 7.
 1 APPPATH/Views/pages/dashboard.php(7): CodeIgniter\Debug\Exceptions->errorHandler(2, 'Undefined array key "fname"', 'APPPATH/Views/pages/dashboard.php', 7)
 2 SYSTEMPATH/View/View.php(213): include('APPPATH/Views/pages/dashboard.php')
 3 SYSTEMPATH/View/View.php(216): CodeIgniter\View\View->CodeIgniter\View\{closure}()
 4 SYSTEMPATH/Common.php(1142): CodeIgniter\View\View->render('pages/dashboard', [], true)
 5 APPPATH/Controllers/Dashboard.php(15): view('pages/dashboard', [...])
 6 SYSTEMPATH/CodeIgniter.php(904): App\Controllers\Dashboard->Dashboard()
 7 SYSTEMPATH/CodeIgniter.php(457): CodeIgniter\CodeIgniter->runController(Object(App\Controllers\Dashboard))
 8 SYSTEMPATH/CodeIgniter.php(340): CodeIgniter\CodeIgniter->handleRequest(null, Object(Config\Cache), false)
 9 FCPATH/index.php(67): CodeIgniter\CodeIgniter->run()
CRITICAL - 2022-09-03 00:46:51 --> Class "Config\AuthFilter" not found
in SYSTEMPATH/Filters/Filters.php on line 166.
 1 SYSTEMPATH/CodeIgniter.php(431): CodeIgniter\Filters\Filters->run('Dashboard', 'before')
 2 SYSTEMPATH/CodeIgniter.php(340): CodeIgniter\CodeIgniter->handleRequest(null, Object(Config\Cache), false)
 3 FCPATH/index.php(67): CodeIgniter\CodeIgniter->run()
CRITICAL - 2022-09-03 00:47:03 --> Class "Config\AuthFilter" not found
in SYSTEMPATH/Filters/Filters.php on line 166.
 1 SYSTEMPATH/CodeIgniter.php(431): CodeIgniter\Filters\Filters->run('Dashboard', 'before')
 2 SYSTEMPATH/CodeIgniter.php(340): CodeIgniter\CodeIgniter->handleRequest(null, Object(Config\Cache), false)
 3 FCPATH/index.php(67): CodeIgniter\CodeIgniter->run()
CRITICAL - 2022-09-03 00:47:38 --> Class "Config\AuthFilter" not found
in SYSTEMPATH/Filters/Filters.php on line 166.
 1 SYSTEMPATH/CodeIgniter.php(431): CodeIgniter\Filters\Filters->run('Dashboard', 'before')
 2 SYSTEMPATH/CodeIgniter.php(340): CodeIgniter\CodeIgniter->handleRequest(null, Object(Config\Cache), false)
 3 FCPATH/index.php(67): CodeIgniter\CodeIgniter->run()
CRITICAL - 2022-09-03 00:49:05 --> Class "Config\AuthFilter" not found
in SYSTEMPATH/Filters/Filters.php on line 166.
 1 SYSTEMPATH/CodeIgniter.php(431): CodeIgniter\Filters\Filters->run('Dashboard', 'before')
 2 SYSTEMPATH/CodeIgniter.php(340): CodeIgniter\CodeIgniter->handleRequest(null, Object(Config\Cache), false)
 3 FCPATH/index.php(67): CodeIgniter\CodeIgniter->run()
CRITICAL - 2022-09-03 00:49:07 --> Class "Config\AuthFilter" not found
in SYSTEMPATH/Filters/Filters.php on line 166.
 1 SYSTEMPATH/CodeIgniter.php(431): CodeIgniter\Filters\Filters->run('Dashboard', 'before')
 2 SYSTEMPATH/CodeIgniter.php(340): CodeIgniter\CodeIgniter->handleRequest(null, Object(Config\Cache), false)
 3 FCPATH/index.php(67): CodeIgniter\CodeIgniter->run()
CRITICAL - 2022-09-03 00:49:19 --> Class "Config\AuthFilter" not found
in SYSTEMPATH/Filters/Filters.php on line 166.
 1 SYSTEMPATH/CodeIgniter.php(431): CodeIgniter\Filters\Filters->run('Dashboard', 'before')
 2 SYSTEMPATH/CodeIgniter.php(340): CodeIgniter\CodeIgniter->handleRequest(null, Object(Config\Cache), false)
 3 FCPATH/index.php(67): CodeIgniter\CodeIgniter->run()
CRITICAL - 2022-09-03 00:50:18 --> Class "CodeIgniter\Filters\AuthFilter" not found
in SYSTEMPATH/Filters/Filters.php on line 166.
 1 SYSTEMPATH/CodeIgniter.php(431): CodeIgniter\Filters\Filters->run('Dashboard', 'before')
 2 SYSTEMPATH/CodeIgniter.php(340): CodeIgniter\CodeIgniter->handleRequest(null, Object(Config\Cache), false)
 3 FCPATH/index.php(67): CodeIgniter\CodeIgniter->run()
CRITICAL - 2022-09-03 00:50:55 --> Class "CodeIgniter\Filters\AuthFilter" not found
in SYSTEMPATH/Filters/Filters.php on line 166.
 1 SYSTEMPATH/CodeIgniter.php(431): CodeIgniter\Filters\Filters->run('Dashboard', 'before')
 2 SYSTEMPATH/CodeIgniter.php(340): CodeIgniter\CodeIgniter->handleRequest(null, Object(Config\Cache), false)
 3 FCPATH/index.php(67): CodeIgniter\CodeIgniter->run()
CRITICAL - 2022-09-03 00:50:55 --> Class "CodeIgniter\Filters\AuthFilter" not found
in SYSTEMPATH/Filters/Filters.php on line 166.
 1 SYSTEMPATH/CodeIgniter.php(431): CodeIgniter\Filters\Filters->run('Dashboard', 'before')
 2 SYSTEMPATH/CodeIgniter.php(340): CodeIgniter\CodeIgniter->handleRequest(null, Object(Config\Cache), false)
 3 FCPATH/index.php(67): CodeIgniter\CodeIgniter->run()
CRITICAL - 2022-09-03 00:50:57 --> Class "CodeIgniter\Filters\AuthFilter" not found
in SYSTEMPATH/Filters/Filters.php on line 166.
 1 SYSTEMPATH/CodeIgniter.php(431): CodeIgniter\Filters\Filters->run('/', 'before')
 2 SYSTEMPATH/CodeIgniter.php(340): CodeIgniter\CodeIgniter->handleRequest(null, Object(Config\Cache), false)
 3 FCPATH/index.php(67): CodeIgniter\CodeIgniter->run()
CRITICAL - 2022-09-03 00:50:58 --> Class "CodeIgniter\Filters\AuthFilter" not found
in SYSTEMPATH/Filters/Filters.php on line 166.
 1 SYSTEMPATH/CodeIgniter.php(431): CodeIgniter\Filters\Filters->run('/', 'before')
 2 SYSTEMPATH/CodeIgniter.php(340): CodeIgniter\CodeIgniter->handleRequest(null, Object(Config\Cache), false)
 3 FCPATH/index.php(67): CodeIgniter\CodeIgniter->run()
CRITICAL - 2022-09-03 00:51:29 --> Class "CodeIgniter\Filters\AuthFilter" not found
in SYSTEMPATH/Filters/Filters.php on line 166.
 1 SYSTEMPATH/CodeIgniter.php(477): CodeIgniter\Filters\Filters->run('/', 'after')
 2 SYSTEMPATH/CodeIgniter.php(340): CodeIgniter\CodeIgniter->handleRequest(null, Object(Config\Cache), false)
 3 FCPATH/index.php(67): CodeIgniter\CodeIgniter->run()
CRITICAL - 2022-09-03 00:51:42 --> Class "CodeIgniter\Filters\AuthFilter" not found
in SYSTEMPATH/Filters/Filters.php on line 166.
 1 SYSTEMPATH/CodeIgniter.php(431): CodeIgniter\Filters\Filters->run('Dashboard', 'before')
 2 SYSTEMPATH/CodeIgniter.php(340): CodeIgniter\CodeIgniter->handleRequest(null, Object(Config\Cache), false)
 3 FCPATH/index.php(67): CodeIgniter\CodeIgniter->run()
CRITICAL - 2022-09-03 00:59:40 --> Undefined array key "fname"
in APPPATH/Views/pages/dashboard.php on line 7.
 1 APPPATH/Views/pages/dashboard.php(7): CodeIgniter\Debug\Exceptions->errorHandler(2, 'Undefined array key "fname"', 'APPPATH/Views/pages/dashboard.php', 7)
 2 SYSTEMPATH/View/View.php(213): include('APPPATH/Views/pages/dashboard.php')
 3 SYSTEMPATH/View/View.php(216): CodeIgniter\View\View->CodeIgniter\View\{closure}()
 4 SYSTEMPATH/Common.php(1142): CodeIgniter\View\View->render('pages/dashboard', [], true)
 5 APPPATH/Controllers/Dashboard.php(15): view('pages/dashboard', [...])
 6 SYSTEMPATH/CodeIgniter.php(904): App\Controllers\Dashboard->Dashboard()
 7 SYSTEMPATH/CodeIgniter.php(457): CodeIgniter\CodeIgniter->runController(Object(App\Controllers\Dashboard))
 8 SYSTEMPATH/CodeIgniter.php(340): CodeIgniter\CodeIgniter->handleRequest(null, Object(Config\Cache), false)
 9 FCPATH/index.php(67): CodeIgniter\CodeIgniter->run()
CRITICAL - 2022-09-03 01:00:49 --> Undefined variable $title
in APPPATH/Views/include/header.php on line 8.
 1 APPPATH/Views/include/header.php(8): CodeIgniter\Debug\Exceptions->errorHandler(2, 'Undefined variable $title', 'APPPATH/Views/include/header.php', 8)
 2 SYSTEMPATH/View/View.php(213): include('APPPATH/Views/include/header.php')
 3 SYSTEMPATH/View/View.php(216): CodeIgniter\View\View->CodeIgniter\View\{closure}()
 4 SYSTEMPATH/Common.php(1142): CodeIgniter\View\View->render('include/header', [], true)
 5 APPPATH/Views/pages/Business_registration.php(1): view('include/header')
 6 SYSTEMPATH/View/View.php(213): include('APPPATH/Views/pages/Business_registration.php')
 7 SYSTEMPATH/View/View.php(216): CodeIgniter\View\View->CodeIgniter\View\{closure}()
 8 SYSTEMPATH/Common.php(1142): CodeIgniter\View\View->render('pages/Business_registration', [], true)
 9 APPPATH/Controllers/Dashboard.php(19): view('pages/Business_registration')
10 SYSTEMPATH/CodeIgniter.php(904): App\Controllers\Dashboard->businessRegis()
11 SYSTEMPATH/CodeIgniter.php(457): CodeIgniter\CodeIgniter->runController(Object(App\Controllers\Dashboard))
12 SYSTEMPATH/CodeIgniter.php(340): CodeIgniter\CodeIgniter->handleRequest(null, Object(Config\Cache), false)
13 FCPATH/index.php(67): CodeIgniter\CodeIgniter->run()
CRITICAL - 2022-09-03 01:01:20 --> Undefined variable $title
in APPPATH/Views/include/header.php on line 8.
 1 APPPATH/Views/include/header.php(8): CodeIgniter\Debug\Exceptions->errorHandler(2, 'Undefined variable $title', 'APPPATH/Views/include/header.php', 8)
 2 SYSTEMPATH/View/View.php(213): include('APPPATH/Views/include/header.php')
 3 SYSTEMPATH/View/View.php(216): CodeIgniter\View\View->CodeIgniter\View\{closure}()
 4 SYSTEMPATH/Common.php(1142): CodeIgniter\View\View->render('include/header', [], true)
 5 APPPATH/Views/pages/Business_registration.php(1): view('include/header')
 6 SYSTEMPATH/View/View.php(213): include('APPPATH/Views/pages/Business_registration.php')
 7 SYSTEMPATH/View/View.php(216): CodeIgniter\View\View->CodeIgniter\View\{closure}()
 8 SYSTEMPATH/Common.php(1142): CodeIgniter\View\View->render('pages/Business_registration', [], true)
 9 APPPATH/Controllers/Dashboard.php(24): view('pages/Business_registration')
10 SYSTEMPATH/CodeIgniter.php(904): App\Controllers\Dashboard->businessRegis()
11 SYSTEMPATH/CodeIgniter.php(457): CodeIgniter\CodeIgniter->runController(Object(App\Controllers\Dashboard))
12 SYSTEMPATH/CodeIgniter.php(340): CodeIgniter\CodeIgniter->handleRequest(null, Object(Config\Cache), false)
13 FCPATH/index.php(67): CodeIgniter\CodeIgniter->run()
CRITICAL - 2022-09-03 01:01:24 --> Undefined variable $title
in APPPATH/Views/include/header.php on line 8.
 1 APPPATH/Views/include/header.php(8): CodeIgniter\Debug\Exceptions->errorHandler(2, 'Undefined variable $title', 'APPPATH/Views/include/header.php', 8)
 2 SYSTEMPATH/View/View.php(213): include('APPPATH/Views/include/header.php')
 3 SYSTEMPATH/View/View.php(216): CodeIgniter\View\View->CodeIgniter\View\{closure}()
 4 SYSTEMPATH/Common.php(1142): CodeIgniter\View\View->render('include/header', [], true)
 5 APPPATH/Views/pages/Business_registration.php(1): view('include/header')
 6 SYSTEMPATH/View/View.php(213): include('APPPATH/Views/pages/Business_registration.php')
 7 SYSTEMPATH/View/View.php(216): CodeIgniter\View\View->CodeIgniter\View\{closure}()
 8 SYSTEMPATH/Common.php(1142): CodeIgniter\View\View->render('pages/Business_registration', [], true)
 9 APPPATH/Controllers/Dashboard.php(24): view('pages/Business_registration')
10 SYSTEMPATH/CodeIgniter.php(904): App\Controllers\Dashboard->businessRegis()
11 SYSTEMPATH/CodeIgniter.php(457): CodeIgniter\CodeIgniter->runController(Object(App\Controllers\Dashboard))
12 SYSTEMPATH/CodeIgniter.php(340): CodeIgniter\CodeIgniter->handleRequest(null, Object(Config\Cache), false)
13 FCPATH/index.php(67): CodeIgniter\CodeIgniter->run()
CRITICAL - 2022-09-03 01:19:25 --> CodeIgniter\HTTP\RedirectResponse::back(): Argument #1 ($code) must be of type ?int, string given, called in /opt/lampp/htdocs/codeProject/app/Filters/AlreadyLogged.php on line 14
in SYSTEMPATH/HTTP/RedirectResponse.php on line 74.
 1 APPPATH/Filters/AlreadyLogged.php(14): CodeIgniter\HTTP\RedirectResponse->back('http://localhost/codeProject')
 2 SYSTEMPATH/Filters/Filters.php(173): App\Filters\AlreadyLogged->before(Object(CodeIgniter\HTTP\IncomingRequest), null)
 3 SYSTEMPATH/CodeIgniter.php(431): CodeIgniter\Filters\Filters->run('/', 'before')
 4 SYSTEMPATH/CodeIgniter.php(340): CodeIgniter\CodeIgniter->handleRequest(null, Object(Config\Cache), false)
 5 FCPATH/index.php(67): CodeIgniter\CodeIgniter->run()
CRITICAL - 2022-09-03 01:20:08 --> CodeIgniter\HTTP\RedirectResponse::back(): Argument #1 ($code) must be of type ?int, string given, called in /opt/lampp/htdocs/codeProject/app/Filters/AlreadyLogged.php on line 14
in SYSTEMPATH/HTTP/RedirectResponse.php on line 74.
 1 APPPATH/Filters/AlreadyLogged.php(14): CodeIgniter\HTTP\RedirectResponse->back('http://localhost/codeProject')
 2 SYSTEMPATH/Filters/Filters.php(173): App\Filters\AlreadyLogged->before(Object(CodeIgniter\HTTP\IncomingRequest), null)
 3 SYSTEMPATH/CodeIgniter.php(431): CodeIgniter\Filters\Filters->run('/', 'before')
 4 SYSTEMPATH/CodeIgniter.php(340): CodeIgniter\CodeIgniter->handleRequest(null, Object(Config\Cache), false)
 5 FCPATH/index.php(67): CodeIgniter\CodeIgniter->run()
CRITICAL - 2022-09-03 01:20:09 --> CodeIgniter\HTTP\RedirectResponse::back(): Argument #1 ($code) must be of type ?int, string given, called in /opt/lampp/htdocs/codeProject/app/Filters/AlreadyLogged.php on line 14
in SYSTEMPATH/HTTP/RedirectResponse.php on line 74.
 1 APPPATH/Filters/AlreadyLogged.php(14): CodeIgniter\HTTP\RedirectResponse->back('http://localhost/codeProject')
 2 SYSTEMPATH/Filters/Filters.php(173): App\Filters\AlreadyLogged->before(Object(CodeIgniter\HTTP\IncomingRequest), null)
 3 SYSTEMPATH/CodeIgniter.php(431): CodeIgniter\Filters\Filters->run('/', 'before')
 4 SYSTEMPATH/CodeIgniter.php(340): CodeIgniter\CodeIgniter->handleRequest(null, Object(Config\Cache), false)
 5 FCPATH/index.php(67): CodeIgniter\CodeIgniter->run()
CRITICAL - 2022-09-03 01:20:13 --> CodeIgniter\HTTP\RedirectResponse::back(): Argument #1 ($code) must be of type ?int, string given, called in /opt/lampp/htdocs/codeProject/app/Filters/AlreadyLogged.php on line 14
in SYSTEMPATH/HTTP/RedirectResponse.php on line 74.
 1 APPPATH/Filters/AlreadyLogged.php(14): CodeIgniter\HTTP\RedirectResponse->back('http://localhost/codeProject')
 2 SYSTEMPATH/Filters/Filters.php(173): App\Filters\AlreadyLogged->before(Object(CodeIgniter\HTTP\IncomingRequest), null)
 3 SYSTEMPATH/CodeIgniter.php(431): CodeIgniter\Filters\Filters->run('/', 'before')
 4 SYSTEMPATH/CodeIgniter.php(340): CodeIgniter\CodeIgniter->handleRequest(null, Object(Config\Cache), false)
 5 FCPATH/index.php(67): CodeIgniter\CodeIgniter->run()
CRITICAL - 2022-09-03 01:22:07 --> CodeIgniter\HTTP\RedirectResponse::back(): Argument #1 ($code) must be of type ?int, string given, called in /opt/lampp/htdocs/codeProject/app/Filters/AlreadyLogged.php on line 14
in SYSTEMPATH/HTTP/RedirectResponse.php on line 74.
 1 APPPATH/Filters/AlreadyLogged.php(14): CodeIgniter\HTTP\RedirectResponse->back('http://localhost/codeProject')
 2 SYSTEMPATH/Filters/Filters.php(173): App\Filters\AlreadyLogged->before(Object(CodeIgniter\HTTP\IncomingRequest), null)
 3 SYSTEMPATH/CodeIgniter.php(431): CodeIgniter\Filters\Filters->run('employee', 'before')
 4 SYSTEMPATH/CodeIgniter.php(340): CodeIgniter\CodeIgniter->handleRequest(null, Object(Config\Cache), false)
 5 FCPATH/index.php(67): CodeIgniter\CodeIgniter->run()
