CRITICAL - 2022-09-07 00:00:25 --> Undefined variable $title
in APPPATH/Views/include/header.php on line 8.
 1 APPPATH/Views/include/header.php(8): CodeIgniter\Debug\Exceptions->errorHandler(2, 'Undefined variable $title', 'APPPATH/Views/include/header.php', 8)
 2 SYSTEMPATH/View/View.php(213): include('APPPATH/Views/include/header.php')
 3 SYSTEMPATH/View/View.php(216): CodeIgniter\View\View->CodeIgniter\View\{closure}()
 4 SYSTEMPATH/Common.php(1142): CodeIgniter\View\View->render('include/header', [], true)
 5 APPPATH/Views/pages/Bus_reg_form.php(1): view('include/header')
 6 SYSTEMPATH/View/View.php(213): include('APPPATH/Views/pages/Bus_reg_form.php')
 7 SYSTEMPATH/View/View.php(216): CodeIgniter\View\View->CodeIgniter\View\{closure}()
 8 SYSTEMPATH/Common.php(1142): CodeIgniter\View\View->render('pages/Bus_reg_form', [], true)
 9 APPPATH/Controllers/Dashboard.php(58): view('pages/Bus_reg_form', [...])
10 SYSTEMPATH/CodeIgniter.php(904): App\Controllers\Dashboard->businessForm()
11 SYSTEMPATH/CodeIgniter.php(457): CodeIgniter\CodeIgniter->runController(Object(App\Controllers\Dashboard))
12 SYSTEMPATH/CodeIgniter.php(340): CodeIgniter\CodeIgniter->handleRequest(null, Object(Config\Cache), false)
13 FCPATH/index.php(67): CodeIgniter\CodeIgniter->run()
CRITICAL - 2022-09-07 00:03:21 --> Undefined variable $title
in APPPATH/Views/include/header.php on line 8.
 1 APPPATH/Views/include/header.php(8): CodeIgniter\Debug\Exceptions->errorHandler(2, 'Undefined variable $title', 'APPPATH/Views/include/header.php', 8)
 2 SYSTEMPATH/View/View.php(213): include('APPPATH/Views/include/header.php')
 3 SYSTEMPATH/View/View.php(216): CodeIgniter\View\View->CodeIgniter\View\{closure}()
 4 SYSTEMPATH/Common.php(1142): CodeIgniter\View\View->render('include/header', [], true)
 5 APPPATH/Views/pages/Bus_reg_form.php(1): view('include/header')
 6 SYSTEMPATH/View/View.php(213): include('APPPATH/Views/pages/Bus_reg_form.php')
 7 SYSTEMPATH/View/View.php(216): CodeIgniter\View\View->CodeIgniter\View\{closure}()
 8 SYSTEMPATH/Common.php(1142): CodeIgniter\View\View->render('pages/Bus_reg_form', [], true)
 9 APPPATH/Controllers/Dashboard.php(57): view('pages/Bus_reg_form', [...])
10 SYSTEMPATH/CodeIgniter.php(904): App\Controllers\Dashboard->businessForm()
11 SYSTEMPATH/CodeIgniter.php(457): CodeIgniter\CodeIgniter->runController(Object(App\Controllers\Dashboard))
12 SYSTEMPATH/CodeIgniter.php(340): CodeIgniter\CodeIgniter->handleRequest(null, Object(Config\Cache), false)
13 FCPATH/index.php(67): CodeIgniter\CodeIgniter->run()
CRITICAL - 2022-09-07 00:03:46 --> Undefined variable $title
in APPPATH/Views/include/header.php on line 8.
 1 APPPATH/Views/include/header.php(8): CodeIgniter\Debug\Exceptions->errorHandler(2, 'Undefined variable $title', 'APPPATH/Views/include/header.php', 8)
 2 SYSTEMPATH/View/View.php(213): include('APPPATH/Views/include/header.php')
 3 SYSTEMPATH/View/View.php(216): CodeIgniter\View\View->CodeIgniter\View\{closure}()
 4 SYSTEMPATH/Common.php(1142): CodeIgniter\View\View->render('include/header', [], true)
 5 APPPATH/Views/pages/Bus_reg_form.php(1): view('include/header')
 6 SYSTEMPATH/View/View.php(213): include('APPPATH/Views/pages/Bus_reg_form.php')
 7 SYSTEMPATH/View/View.php(216): CodeIgniter\View\View->CodeIgniter\View\{closure}()
 8 SYSTEMPATH/Common.php(1142): CodeIgniter\View\View->render('pages/Bus_reg_form', [...], true)
 9 APPPATH/Controllers/Dashboard.php(57): view('pages/Bus_reg_form', [...], [...])
10 SYSTEMPATH/CodeIgniter.php(904): App\Controllers\Dashboard->businessForm()
11 SYSTEMPATH/CodeIgniter.php(457): CodeIgniter\CodeIgniter->runController(Object(App\Controllers\Dashboard))
12 SYSTEMPATH/CodeIgniter.php(340): CodeIgniter\CodeIgniter->handleRequest(null, Object(Config\Cache), false)
13 FCPATH/index.php(67): CodeIgniter\CodeIgniter->run()
CRITICAL - 2022-09-07 00:05:33 --> Undefined variable $data
in APPPATH/Controllers/Dashboard.php on line 9.
 1 APPPATH/Controllers/Dashboard.php(9): CodeIgniter\Debug\Exceptions->errorHandler(2, 'Undefined variable $data', 'APPPATH/Controllers/Dashboard.php', 9)
 2 SYSTEMPATH/CodeIgniter.php(866): App\Controllers\Dashboard->__construct()
 3 SYSTEMPATH/CodeIgniter.php(448): CodeIgniter\CodeIgniter->createController()
 4 SYSTEMPATH/CodeIgniter.php(340): CodeIgniter\CodeIgniter->handleRequest(null, Object(Config\Cache), false)
 5 FCPATH/index.php(67): CodeIgniter\CodeIgniter->run()
CRITICAL - 2022-09-07 00:08:56 --> Undefined variable $title
in APPPATH/Views/include/header.php on line 8.
 1 APPPATH/Views/include/header.php(8): CodeIgniter\Debug\Exceptions->errorHandler(2, 'Undefined variable $title', 'APPPATH/Views/include/header.php', 8)
 2 SYSTEMPATH/View/View.php(213): include('APPPATH/Views/include/header.php')
 3 SYSTEMPATH/View/View.php(216): CodeIgniter\View\View->CodeIgniter\View\{closure}()
 4 SYSTEMPATH/Common.php(1142): CodeIgniter\View\View->render('include/header', [], true)
 5 APPPATH/Views/pages/Bus_reg_form.php(1): view('include/header')
 6 SYSTEMPATH/View/View.php(213): include('APPPATH/Views/pages/Bus_reg_form.php')
 7 SYSTEMPATH/View/View.php(216): CodeIgniter\View\View->CodeIgniter\View\{closure}()
 8 SYSTEMPATH/Common.php(1142): CodeIgniter\View\View->render('pages/Bus_reg_form', [], true)
 9 APPPATH/Controllers/Dashboard.php(57): view('pages/Bus_reg_form', [...])
10 SYSTEMPATH/CodeIgniter.php(904): App\Controllers\Dashboard->businessForm()
11 SYSTEMPATH/CodeIgniter.php(457): CodeIgniter\CodeIgniter->runController(Object(App\Controllers\Dashboard))
12 SYSTEMPATH/CodeIgniter.php(340): CodeIgniter\CodeIgniter->handleRequest(null, Object(Config\Cache), false)
13 FCPATH/index.php(67): CodeIgniter\CodeIgniter->run()
CRITICAL - 2022-09-07 00:10:37 --> Undefined variable $title
in APPPATH/Views/include/header.php on line 8.
 1 APPPATH/Views/include/header.php(8): CodeIgniter\Debug\Exceptions->errorHandler(2, 'Undefined variable $title', 'APPPATH/Views/include/header.php', 8)
 2 SYSTEMPATH/View/View.php(213): include('APPPATH/Views/include/header.php')
 3 SYSTEMPATH/View/View.php(216): CodeIgniter\View\View->CodeIgniter\View\{closure}()
 4 SYSTEMPATH/Common.php(1142): CodeIgniter\View\View->render('include/header', [], true)
 5 APPPATH/Views/pages/Bus_reg_form.php(1): view('include/header')
 6 SYSTEMPATH/View/View.php(213): include('APPPATH/Views/pages/Bus_reg_form.php')
 7 SYSTEMPATH/View/View.php(216): CodeIgniter\View\View->CodeIgniter\View\{closure}()
 8 SYSTEMPATH/Common.php(1142): CodeIgniter\View\View->render('pages/Bus_reg_form', [], true)
 9 APPPATH/Controllers/Dashboard.php(57): view('pages/Bus_reg_form', [...])
10 SYSTEMPATH/CodeIgniter.php(904): App\Controllers\Dashboard->businessForm()
11 SYSTEMPATH/CodeIgniter.php(457): CodeIgniter\CodeIgniter->runController(Object(App\Controllers\Dashboard))
12 SYSTEMPATH/CodeIgniter.php(340): CodeIgniter\CodeIgniter->handleRequest(null, Object(Config\Cache), false)
13 FCPATH/index.php(67): CodeIgniter\CodeIgniter->run()
CRITICAL - 2022-09-07 01:38:09 --> syntax error, unexpected token "}", expecting ";"
in APPPATH/Controllers/Dashboard.php on line 151.
 1 SYSTEMPATH/Autoloader/Autoloader.php(259): CodeIgniter\Autoloader\Autoloader->includeFile('APPPATH/Controllers/Dashboard.php')
 2 SYSTEMPATH/Autoloader/Autoloader.php(237): CodeIgniter\Autoloader\Autoloader->loadInNamespace('App\\Controllers\\Dashboard')
 3 [internal function]: CodeIgniter\Autoloader\Autoloader->loadClass('App\\Controllers\\Dashboard')
 4 SYSTEMPATH/CodeIgniter.php(854): class_exists('\\App\\Controllers\\Dashboard', true)
 5 SYSTEMPATH/CodeIgniter.php(444): CodeIgniter\CodeIgniter->startController()
 6 SYSTEMPATH/CodeIgniter.php(340): CodeIgniter\CodeIgniter->handleRequest(null, Object(Config\Cache), false)
 7 FCPATH/index.php(67): CodeIgniter\CodeIgniter->run()
CRITICAL - 2022-09-07 01:38:11 --> syntax error, unexpected token "}", expecting ";"
in APPPATH/Controllers/Dashboard.php on line 151.
 1 SYSTEMPATH/Autoloader/Autoloader.php(259): CodeIgniter\Autoloader\Autoloader->includeFile('APPPATH/Controllers/Dashboard.php')
 2 SYSTEMPATH/Autoloader/Autoloader.php(237): CodeIgniter\Autoloader\Autoloader->loadInNamespace('App\\Controllers\\Dashboard')
 3 [internal function]: CodeIgniter\Autoloader\Autoloader->loadClass('App\\Controllers\\Dashboard')
 4 SYSTEMPATH/CodeIgniter.php(854): class_exists('\\App\\Controllers\\Dashboard', true)
 5 SYSTEMPATH/CodeIgniter.php(444): CodeIgniter\CodeIgniter->startController()
 6 SYSTEMPATH/CodeIgniter.php(340): CodeIgniter\CodeIgniter->handleRequest(null, Object(Config\Cache), false)
 7 FCPATH/index.php(67): CodeIgniter\CodeIgniter->run()
CRITICAL - 2022-09-07 01:38:46 --> Undefined variable $title
in APPPATH/Views/include/header.php on line 8.
 1 APPPATH/Views/include/header.php(8): CodeIgniter\Debug\Exceptions->errorHandler(2, 'Undefined variable $title', 'APPPATH/Views/include/header.php', 8)
 2 SYSTEMPATH/View/View.php(213): include('APPPATH/Views/include/header.php')
 3 SYSTEMPATH/View/View.php(216): CodeIgniter\View\View->CodeIgniter\View\{closure}()
 4 SYSTEMPATH/Common.php(1142): CodeIgniter\View\View->render('include/header', [], true)
 5 APPPATH/Views/pages/Business_registration.php(1): view('include/header')
 6 SYSTEMPATH/View/View.php(213): include('APPPATH/Views/pages/Business_registration.php')
 7 SYSTEMPATH/View/View.php(216): CodeIgniter\View\View->CodeIgniter\View\{closure}()
 8 SYSTEMPATH/Common.php(1142): CodeIgniter\View\View->render('pages/Business_registration', [], true)
 9 APPPATH/Controllers/Dashboard.php(150): view('pages/Business_registration')
10 SYSTEMPATH/CodeIgniter.php(904): App\Controllers\Dashboard->personal_info()
11 SYSTEMPATH/CodeIgniter.php(457): CodeIgniter\CodeIgniter->runController(Object(App\Controllers\Dashboard))
12 SYSTEMPATH/CodeIgniter.php(340): CodeIgniter\CodeIgniter->handleRequest(null, Object(Config\Cache), false)
13 FCPATH/index.php(67): CodeIgniter\CodeIgniter->run()
CRITICAL - 2022-09-07 01:39:34 --> Undefined variable $title
in APPPATH/Views/include/header.php on line 8.
 1 APPPATH/Views/include/header.php(8): CodeIgniter\Debug\Exceptions->errorHandler(2, 'Undefined variable $title', 'APPPATH/Views/include/header.php', 8)
 2 SYSTEMPATH/View/View.php(213): include('APPPATH/Views/include/header.php')
 3 SYSTEMPATH/View/View.php(216): CodeIgniter\View\View->CodeIgniter\View\{closure}()
 4 SYSTEMPATH/Common.php(1142): CodeIgniter\View\View->render('include/header', [], true)
 5 APPPATH/Views/pages/Business_registration.php(1): view('include/header')
 6 SYSTEMPATH/View/View.php(213): include('APPPATH/Views/pages/Business_registration.php')
 7 SYSTEMPATH/View/View.php(216): CodeIgniter\View\View->CodeIgniter\View\{closure}()
 8 SYSTEMPATH/Common.php(1142): CodeIgniter\View\View->render('pages/Business_registration', [], true)
 9 APPPATH/Controllers/Dashboard.php(156): view('pages/Business_registration')
10 SYSTEMPATH/CodeIgniter.php(904): App\Controllers\Dashboard->personal_info()
11 SYSTEMPATH/CodeIgniter.php(457): CodeIgniter\CodeIgniter->runController(Object(App\Controllers\Dashboard))
12 SYSTEMPATH/CodeIgniter.php(340): CodeIgniter\CodeIgniter->handleRequest(null, Object(Config\Cache), false)
13 FCPATH/index.php(67): CodeIgniter\CodeIgniter->run()
CRITICAL - 2022-09-07 01:39:43 --> Undefined variable $title
in APPPATH/Views/include/header.php on line 8.
 1 APPPATH/Views/include/header.php(8): CodeIgniter\Debug\Exceptions->errorHandler(2, 'Undefined variable $title', 'APPPATH/Views/include/header.php', 8)
 2 SYSTEMPATH/View/View.php(213): include('APPPATH/Views/include/header.php')
 3 SYSTEMPATH/View/View.php(216): CodeIgniter\View\View->CodeIgniter\View\{closure}()
 4 SYSTEMPATH/Common.php(1142): CodeIgniter\View\View->render('include/header', [], true)
 5 APPPATH/Views/pages/Business_registration.php(1): view('include/header')
 6 SYSTEMPATH/View/View.php(213): include('APPPATH/Views/pages/Business_registration.php')
 7 SYSTEMPATH/View/View.php(216): CodeIgniter\View\View->CodeIgniter\View\{closure}()
 8 SYSTEMPATH/Common.php(1142): CodeIgniter\View\View->render('pages/Business_registration', [], true)
 9 APPPATH/Controllers/Dashboard.php(156): view('pages/Business_registration')
10 SYSTEMPATH/CodeIgniter.php(904): App\Controllers\Dashboard->personal_info()
11 SYSTEMPATH/CodeIgniter.php(457): CodeIgniter\CodeIgniter->runController(Object(App\Controllers\Dashboard))
12 SYSTEMPATH/CodeIgniter.php(340): CodeIgniter\CodeIgniter->handleRequest(null, Object(Config\Cache), false)
13 FCPATH/index.php(67): CodeIgniter\CodeIgniter->run()
CRITICAL - 2022-09-07 02:09:06 --> Undefined variable $model
in APPPATH/Controllers/Dashboard.php on line 166.
 1 APPPATH/Controllers/Dashboard.php(166): CodeIgniter\Debug\Exceptions->errorHandler(2, 'Undefined variable $model', 'APPPATH/Controllers/Dashboard.php', 166)
 2 SYSTEMPATH/CodeIgniter.php(904): App\Controllers\Dashboard->personal_info()
 3 SYSTEMPATH/CodeIgniter.php(457): CodeIgniter\CodeIgniter->runController(Object(App\Controllers\Dashboard))
 4 SYSTEMPATH/CodeIgniter.php(340): CodeIgniter\CodeIgniter->handleRequest(null, Object(Config\Cache), false)
 5 FCPATH/index.php(67): CodeIgniter\CodeIgniter->run()
CRITICAL - 2022-09-07 02:09:30 --> Undefined variable $model
in APPPATH/Controllers/Dashboard.php on line 166.
 1 APPPATH/Controllers/Dashboard.php(166): CodeIgniter\Debug\Exceptions->errorHandler(2, 'Undefined variable $model', 'APPPATH/Controllers/Dashboard.php', 166)
 2 SYSTEMPATH/CodeIgniter.php(904): App\Controllers\Dashboard->personal_info()
 3 SYSTEMPATH/CodeIgniter.php(457): CodeIgniter\CodeIgniter->runController(Object(App\Controllers\Dashboard))
 4 SYSTEMPATH/CodeIgniter.php(340): CodeIgniter\CodeIgniter->handleRequest(null, Object(Config\Cache), false)
 5 FCPATH/index.php(67): CodeIgniter\CodeIgniter->run()
CRITICAL - 2022-09-07 05:28:14 --> Class "App\Config\Filters\AuthFilter" not found
in SYSTEMPATH/Filters/Filters.php on line 166.
 1 SYSTEMPATH/CodeIgniter.php(431): CodeIgniter\Filters\Filters->run('checkLogin', 'before')
 2 SYSTEMPATH/CodeIgniter.php(340): CodeIgniter\CodeIgniter->handleRequest(null, Object(Config\Cache), false)
 3 FCPATH/index.php(67): CodeIgniter\CodeIgniter->run()
CRITICAL - 2022-09-07 05:28:22 --> Class "App\Config\Filters\AuthFilter" not found
in SYSTEMPATH/Filters/Filters.php on line 166.
 1 SYSTEMPATH/CodeIgniter.php(431): CodeIgniter\Filters\Filters->run('checkLogin', 'before')
 2 SYSTEMPATH/CodeIgniter.php(340): CodeIgniter\CodeIgniter->handleRequest(null, Object(Config\Cache), false)
 3 FCPATH/index.php(67): CodeIgniter\CodeIgniter->run()
CRITICAL - 2022-09-07 06:54:12 --> Call to undefined function App\Controllers\getPost()
in APPPATH/Controllers/Project.php on line 81.
 1 SYSTEMPATH/CodeIgniter.php(904): App\Controllers\Project->checkLogin()
 2 SYSTEMPATH/CodeIgniter.php(457): CodeIgniter\CodeIgniter->runController(Object(App\Controllers\Project))
 3 SYSTEMPATH/CodeIgniter.php(340): CodeIgniter\CodeIgniter->handleRequest(null, Object(Config\Cache), false)
 4 FCPATH/index.php(67): CodeIgniter\CodeIgniter->run()
CRITICAL - 2022-09-07 07:15:25 --> Undefined variable $userIfo
in APPPATH/Views/pages/dashboard.php on line 7.
 1 APPPATH/Views/pages/dashboard.php(7): CodeIgniter\Debug\Exceptions->errorHandler(2, 'Undefined variable $userIfo', 'APPPATH/Views/pages/dashboard.php', 7)
 2 SYSTEMPATH/View/View.php(213): include('APPPATH/Views/pages/dashboard.php')
 3 SYSTEMPATH/View/View.php(216): CodeIgniter\View\View->CodeIgniter\View\{closure}()
 4 SYSTEMPATH/Common.php(1142): CodeIgniter\View\View->render('pages/dashboard', [], true)
 5 APPPATH/Controllers/Dashboard.php(18): view('pages/dashboard', [...])
 6 SYSTEMPATH/CodeIgniter.php(904): App\Controllers\Dashboard->Dashboard()
 7 SYSTEMPATH/CodeIgniter.php(457): CodeIgniter\CodeIgniter->runController(Object(App\Controllers\Dashboard))
 8 SYSTEMPATH/CodeIgniter.php(340): CodeIgniter\CodeIgniter->handleRequest(null, Object(Config\Cache), false)
 9 FCPATH/index.php(67): CodeIgniter\CodeIgniter->run()
